{"D:\\code\\sentences-dictation\\src\\components\\ArticleSelector.jsx": {"path":"D:\\code\\sentences-dictation\\src\\components\\ArticleSelector.jsx","statementMap":{"0":{"start":{"line":14,"column":24},"end":{"line":65,"column":null}},"1":{"start":{"line":22,"column":4},"end":{"line":23,"column":50}},"2":{"start":{"line":25,"column":23},"end":{"line":25,"column":67}},"3":{"start":{"line":25,"column":36},"end":{"line":25,"column":67}},"4":{"start":{"line":27,"column":2},"end":{"line":30,"column":null}},"5":{"start":{"line":29,"column":4},"end":{"line":29,"column":null}},"6":{"start":{"line":32,"column":2},"end":{"line":60,"column":null}},"7":{"start":{"line":39,"column":26},"end":{"line":39,"column":40}},"8":{"start":{"line":40,"column":12},"end":{"line":43,"column":null}},"9":{"start":{"line":41,"column":14},"end":{"line":41,"column":null}},"10":{"start":{"line":42,"column":14},"end":{"line":42,"column":null}},"11":{"start":{"line":44,"column":35},"end":{"line":44,"column":null}},"12":{"start":{"line":44,"column":62},"end":{"line":44,"column":null}},"13":{"start":{"line":45,"column":12},"end":{"line":45,"column":null}},"14":{"start":{"line":53,"column":23},"end":{"line":53,"column":null}},"15":{"start":{"line":54,"column":33},"end":{"line":54,"column":null}},"16":{"start":{"line":55,"column":12},"end":{"line":56,"column":31}},"17":{"start":{"line":67,"column":0},"end":{"line":67,"column":null}}},"fnMap":{"0":{"name":"(anonymous_0)","decl":{"start":{"line":14,"column":35},"end":{"line":14,"column":36}},"loc":{"start":{"line":20,"column":1},"end":{"line":65,"column":null}},"line":20},"1":{"name":"(anonymous_1)","decl":{"start":{"line":25,"column":23},"end":{"line":25,"column":24}},"loc":{"start":{"line":25,"column":36},"end":{"line":25,"column":67}},"line":25},"2":{"name":"(anonymous_2)","decl":{"start":{"line":38,"column":20},"end":{"line":38,"column":21}},"loc":{"start":{"line":38,"column":21},"end":{"line":46,"column":null}},"line":38},"3":{"name":"(anonymous_3)","decl":{"start":{"line":44,"column":49},"end":{"line":44,"column":50}},"loc":{"start":{"line":44,"column":62},"end":{"line":44,"column":null}},"line":44},"4":{"name":"(anonymous_4)","decl":{"start":{"line":52,"column":24},"end":{"line":52,"column":null}},"loc":{"start":{"line":52,"column":24},"end":{"line":60,"column":null}},"line":52}},"branchMap":{"0":{"loc":{"start":{"line":22,"column":4},"end":{"line":23,"column":50}},"type":"binary-expr","locations":[{"start":{"line":22,"column":4},"end":{"line":22,"column":50}},{"start":{"line":23,"column":4},"end":{"line":23,"column":50}}],"line":22},"1":{"loc":{"start":{"line":25,"column":36},"end":{"line":25,"column":67}},"type":"binary-expr","locations":[{"start":{"line":25,"column":36},"end":{"line":25,"column":53}},{"start":{"line":25,"column":57},"end":{"line":25,"column":67}}],"line":25},"2":{"loc":{"start":{"line":27,"column":2},"end":{"line":30,"column":null}},"type":"if","locations":[{"start":{"line":27,"column":2},"end":{"line":30,"column":null}},{"start":{},"end":{}}],"line":27},"3":{"loc":{"start":{"line":27,"column":6},"end":{"line":28,"column":29}},"type":"binary-expr","locations":[{"start":{"line":27,"column":6},"end":{"line":27,"column":null}},{"start":{"line":28,"column":6},"end":{"line":28,"column":29}}],"line":27},"4":{"loc":{"start":{"line":37,"column":17},"end":{"line":37,"column":null}},"type":"binary-expr","locations":[{"start":{"line":37,"column":17},"end":{"line":37,"column":38}},{"start":{"line":37,"column":38},"end":{"line":37,"column":null}}],"line":37},"5":{"loc":{"start":{"line":40,"column":12},"end":{"line":43,"column":null}},"type":"if","locations":[{"start":{"line":40,"column":12},"end":{"line":43,"column":null}},{"start":{},"end":{}}],"line":40},"6":{"loc":{"start":{"line":45,"column":28},"end":{"line":45,"column":null}},"type":"cond-expr","locations":[{"start":{"line":45,"column":45},"end":{"line":45,"column":76}},{"start":{"line":45,"column":76},"end":{"line":45,"column":null}}],"line":45},"7":{"loc":{"start":{"line":50,"column":13},"end":{"line":50,"column":null}},"type":"cond-expr","locations":[{"start":{"line":50,"column":25},"end":{"line":50,"column":36}},{"start":{"line":50,"column":36},"end":{"line":50,"column":null}}],"line":50},"8":{"loc":{"start":{"line":54,"column":33},"end":{"line":54,"column":null}},"type":"binary-expr","locations":[{"start":{"line":54,"column":33},"end":{"line":54,"column":58}},{"start":{"line":54,"column":58},"end":{"line":54,"column":null}}],"line":54}},"s":{"0":1,"1":7,"2":7,"3":12,"4":7,"5":2,"6":5,"7":1,"8":1,"9":0,"10":0,"11":1,"12":1,"13":1,"14":10,"15":10,"16":10,"17":1},"f":{"0":7,"1":12,"2":1,"3":1,"4":10},"b":{"0":[7,6],"1":[12,12],"2":[2,5],"3":[7,6],"4":[5,4],"5":[0,1],"6":[1,0],"7":[1,4],"8":[10,0]},"meta":{"lastBranch":9,"lastFunction":5,"lastStatement":18,"seen":{"s:14:24:65:Infinity":0,"f:14:35:14:36":0,"s:22:4:23:50":1,"b:22:4:22:50:23:4:23:50":0,"s:25:23:25:67":2,"f:25:23:25:24":1,"s:25:36:25:67":3,"b:25:36:25:53:25:57:25:67":1,"b:27:2:30:Infinity:undefined:undefined:undefined:undefined":2,"s:27:2:30:Infinity":4,"b:27:6:27:Infinity:28:6:28:29":3,"s:29:4:29:Infinity":5,"s:32:2:60:Infinity":6,"b:37:17:37:38:37:38:37:Infinity":4,"f:38:20:38:21":2,"s:39:26:39:40":7,"b:40:12:43:Infinity:undefined:undefined:undefined:undefined":5,"s:40:12:43:Infinity":8,"s:41:14:41:Infinity":9,"s:42:14:42:Infinity":10,"s:44:35:44:Infinity":11,"f:44:49:44:50":3,"s:44:62:44:Infinity":12,"s:45:12:45:Infinity":13,"b:45:45:45:76:45:76:45:Infinity":6,"b:50:25:50:36:50:36:50:Infinity":7,"f:52:24:52:Infinity":4,"s:53:23:53:Infinity":14,"s:54:33:54:Infinity":15,"b:54:33:54:58:54:58:54:Infinity":8,"s:55:12:56:31":16,"s:67:0:67:Infinity":17}}}
,"D:\\code\\sentences-dictation\\src\\components\\ArticleSelectorHint.jsx": {"path":"D:\\code\\sentences-dictation\\src\\components\\ArticleSelectorHint.jsx","statementMap":{"0":{"start":{"line":13,"column":28},"end":{"line":35,"column":null}},"1":{"start":{"line":20,"column":4},"end":{"line":21,"column":50}},"2":{"start":{"line":23,"column":2},"end":{"line":28,"column":null}},"3":{"start":{"line":27,"column":4},"end":{"line":27,"column":null}},"4":{"start":{"line":30,"column":2},"end":{"line":32,"column":null}},"5":{"start":{"line":37,"column":0},"end":{"line":37,"column":null}}},"fnMap":{"0":{"name":"(anonymous_0)","decl":{"start":{"line":13,"column":39},"end":{"line":13,"column":40}},"loc":{"start":{"line":18,"column":1},"end":{"line":35,"column":null}},"line":18}},"branchMap":{"0":{"loc":{"start":{"line":20,"column":4},"end":{"line":21,"column":50}},"type":"binary-expr","locations":[{"start":{"line":20,"column":4},"end":{"line":20,"column":50}},{"start":{"line":21,"column":4},"end":{"line":21,"column":50}}],"line":20},"1":{"loc":{"start":{"line":23,"column":2},"end":{"line":28,"column":null}},"type":"if","locations":[{"start":{"line":23,"column":2},"end":{"line":28,"column":null}},{"start":{},"end":{}}],"line":23},"2":{"loc":{"start":{"line":23,"column":6},"end":{"line":26,"column":17}},"type":"binary-expr","locations":[{"start":{"line":23,"column":6},"end":{"line":23,"column":null}},{"start":{"line":24,"column":6},"end":{"line":24,"column":null}},{"start":{"line":25,"column":6},"end":{"line":25,"column":null}},{"start":{"line":26,"column":6},"end":{"line":26,"column":17}}],"line":23}},"s":{"0":1,"1":2,"2":2,"3":1,"4":1,"5":1},"f":{"0":2},"b":{"0":[2,0],"1":[1,1],"2":[2,2,2,1]},"meta":{"lastBranch":3,"lastFunction":1,"lastStatement":6,"seen":{"s:13:28:35:Infinity":0,"f:13:39:13:40":0,"s:20:4:21:50":1,"b:20:4:20:50:21:4:21:50":0,"b:23:2:28:Infinity:undefined:undefined:undefined:undefined":1,"s:23:2:28:Infinity":2,"b:23:6:23:Infinity:24:6:24:Infinity:25:6:25:Infinity:26:6:26:17":2,"s:27:4:27:Infinity":3,"s:30:2:32:Infinity":4,"s:37:0:37:Infinity":5}}}
,"D:\\code\\sentences-dictation\\src\\components\\LocalResourceSelector.jsx": {"path":"D:\\code\\sentences-dictation\\src\\components\\LocalResourceSelector.jsx","statementMap":{"0":{"start":{"line":12,"column":30},"end":{"line":40,"column":null}},"1":{"start":{"line":19,"column":2},"end":{"line":21,"column":null}},"2":{"start":{"line":20,"column":4},"end":{"line":20,"column":null}},"3":{"start":{"line":23,"column":2},"end":{"line":32,"column":38}},"4":{"start":{"line":29,"column":27},"end":{"line":29,"column":null}},"5":{"start":{"line":31,"column":25},"end":{"line":32,"column":38}},"6":{"start":{"line":42,"column":0},"end":{"line":42,"column":null}}},"fnMap":{"0":{"name":"(anonymous_0)","decl":{"start":{"line":12,"column":41},"end":{"line":12,"column":42}},"loc":{"start":{"line":17,"column":1},"end":{"line":40,"column":null}},"line":17},"1":{"name":"(anonymous_1)","decl":{"start":{"line":29,"column":20},"end":{"line":29,"column":21}},"loc":{"start":{"line":29,"column":27},"end":{"line":29,"column":null}},"line":29},"2":{"name":"(anonymous_2)","decl":{"start":{"line":31,"column":25},"end":{"line":31,"column":null}},"loc":{"start":{"line":31,"column":25},"end":{"line":32,"column":38}},"line":31}},"branchMap":{"0":{"loc":{"start":{"line":19,"column":2},"end":{"line":21,"column":null}},"type":"if","locations":[{"start":{"line":19,"column":2},"end":{"line":21,"column":null}},{"start":{},"end":{}}],"line":19},"1":{"loc":{"start":{"line":19,"column":6},"end":{"line":19,"column":47}},"type":"binary-expr","locations":[{"start":{"line":19,"column":6},"end":{"line":19,"column":23}},{"start":{"line":19,"column":23},"end":{"line":19,"column":47}}],"line":19}},"s":{"0":1,"1":5,"2":2,"3":3,"4":0,"5":3,"6":1},"f":{"0":5,"1":0,"2":3},"b":{"0":[2,3],"1":[5,4]},"meta":{"lastBranch":2,"lastFunction":3,"lastStatement":7,"seen":{"s:12:30:40:Infinity":0,"f:12:41:12:42":0,"b:19:2:21:Infinity:undefined:undefined:undefined:undefined":0,"s:19:2:21:Infinity":1,"b:19:6:19:23:19:23:19:47":1,"s:20:4:20:Infinity":2,"s:23:2:32:38":3,"f:29:20:29:21":1,"s:29:27:29:Infinity":4,"f:31:25:31:Infinity":2,"s:31:25:32:38":5,"s:42:0:42:Infinity":6}}}
,"D:\\code\\sentences-dictation\\src\\data\\new-concept-1.json": {"path":"D:\\code\\sentences-dictation\\src\\data\\new-concept-1.json","statementMap":{},"fnMap":{},"branchMap":{},"s":{},"f":{},"b":{},"meta":{"lastBranch":0,"lastFunction":0,"lastStatement":0,"seen":{}}}
,"D:\\code\\sentences-dictation\\src\\data\\new-concept-2.json": {"path":"D:\\code\\sentences-dictation\\src\\data\\new-concept-2.json","statementMap":{},"fnMap":{},"branchMap":{},"s":{},"f":{},"b":{},"meta":{"lastBranch":0,"lastFunction":0,"lastStatement":0,"seen":{}}}
,"D:\\code\\sentences-dictation\\src\\data\\new-concept-3.json": {"path":"D:\\code\\sentences-dictation\\src\\data\\new-concept-3.json","statementMap":{},"fnMap":{},"branchMap":{},"s":{},"f":{},"b":{},"meta":{"lastBranch":0,"lastFunction":0,"lastStatement":0,"seen":{}}}
,"D:\\code\\sentences-dictation\\src\\hooks\\useLocalStorage.js": {"path":"D:\\code\\sentences-dictation\\src\\hooks\\useLocalStorage.js","statementMap":{"0":{"start":{"line":12,"column":27},"end":{"line":12,"column":50}},"1":{"start":{"line":13,"column":27},"end":{"line":13,"column":42}},"2":{"start":{"line":14,"column":35},"end":{"line":14,"column":50}},"3":{"start":{"line":17,"column":1},"end":{"line":30,"column":null}},"4":{"start":{"line":18,"column":4},"end":{"line":29,"column":null}},"5":{"start":{"line":19,"column":19},"end":{"line":19,"column":44}},"6":{"start":{"line":20,"column":6},"end":{"line":23,"column":null}},"7":{"start":{"line":22,"column":8},"end":{"line":22,"column":null}},"8":{"start":{"line":24,"column":6},"end":{"line":24,"column":null}},"9":{"start":{"line":26,"column":6},"end":{"line":26,"column":null}},"10":{"start":{"line":27,"column":6},"end":{"line":27,"column":null}},"11":{"start":{"line":28,"column":6},"end":{"line":28,"column":null}},"12":{"start":{"line":33,"column":23},"end":{"line":41,"column":11}},"13":{"start":{"line":34,"column":4},"end":{"line":40,"column":null}},"14":{"start":{"line":35,"column":6},"end":{"line":35,"column":null}},"15":{"start":{"line":36,"column":6},"end":{"line":36,"column":null}},"16":{"start":{"line":38,"column":6},"end":{"line":38,"column":null}},"17":{"start":{"line":39,"column":6},"end":{"line":39,"column":null}},"18":{"start":{"line":44,"column":1},"end":{"line":52,"column":null}},"19":{"start":{"line":45,"column":4},"end":{"line":45,"column":26}},"20":{"start":{"line":45,"column":19},"end":{"line":45,"column":26}},"21":{"start":{"line":47,"column":18},"end":{"line":49,"column":21}},"22":{"start":{"line":48,"column":6},"end":{"line":48,"column":null}},"23":{"start":{"line":51,"column":4},"end":{"line":51,"column":null}},"24":{"start":{"line":51,"column":17},"end":{"line":51,"column":36}},"25":{"start":{"line":54,"column":2},"end":{"line":54,"column":null}}},"fnMap":{"0":{"name":"useLocalStorage","decl":{"start":{"line":11,"column":16},"end":{"line":11,"column":31}},"loc":{"start":{"line":11,"column":73},"end":{"line":55,"column":null}},"line":11},"1":{"name":"(anonymous_1)","decl":{"start":{"line":17,"column":12},"end":{"line":17,"column":13}},"loc":{"start":{"line":17,"column":18},"end":{"line":30,"column":3}},"line":17},"2":{"name":"(anonymous_2)","decl":{"start":{"line":33,"column":36},"end":{"line":33,"column":37}},"loc":{"start":{"line":33,"column":50},"end":{"line":41,"column":3}},"line":33},"3":{"name":"(anonymous_3)","decl":{"start":{"line":44,"column":12},"end":{"line":44,"column":13}},"loc":{"start":{"line":44,"column":18},"end":{"line":52,"column":3}},"line":44},"4":{"name":"(anonymous_4)","decl":{"start":{"line":47,"column":29},"end":{"line":47,"column":30}},"loc":{"start":{"line":47,"column":35},"end":{"line":49,"column":5}},"line":47},"5":{"name":"(anonymous_5)","decl":{"start":{"line":51,"column":11},"end":{"line":51,"column":12}},"loc":{"start":{"line":51,"column":17},"end":{"line":51,"column":36}},"line":51}},"branchMap":{"0":{"loc":{"start":{"line":11,"column":51},"end":{"line":11,"column":71}},"type":"default-arg","locations":[{"start":{"line":11,"column":67},"end":{"line":11,"column":71}}],"line":11},"1":{"loc":{"start":{"line":20,"column":6},"end":{"line":23,"column":null}},"type":"if","locations":[{"start":{"line":20,"column":6},"end":{"line":23,"column":null}},{"start":{},"end":{}}],"line":20},"2":{"loc":{"start":{"line":45,"column":4},"end":{"line":45,"column":26}},"type":"if","locations":[{"start":{"line":45,"column":4},"end":{"line":45,"column":26}},{"start":{},"end":{}}],"line":45}},"s":{"0":16,"1":16,"2":16,"3":16,"4":6,"5":6,"6":6,"7":2,"8":5,"9":1,"10":1,"11":1,"12":16,"13":2,"14":2,"15":2,"16":0,"17":0,"18":16,"19":14,"20":6,"21":8,"22":2,"23":8,"24":8,"25":16},"f":{"0":16,"1":6,"2":2,"3":14,"4":2,"5":8},"b":{"0":[16],"1":[2,4],"2":[6,8]},"meta":{"lastBranch":3,"lastFunction":6,"lastStatement":26,"seen":{"f:11:16:11:31":0,"b:11:67:11:71":0,"s:12:27:12:50":0,"s:13:27:13:42":1,"s:14:35:14:50":2,"s:17:1:30:Infinity":3,"f:17:12:17:13":1,"s:18:4:29:Infinity":4,"s:19:19:19:44":5,"b:20:6:23:Infinity:undefined:undefined:undefined:undefined":1,"s:20:6:23:Infinity":6,"s:22:8:22:Infinity":7,"s:24:6:24:Infinity":8,"s:26:6:26:Infinity":9,"s:27:6:27:Infinity":10,"s:28:6:28:Infinity":11,"s:33:23:41:11":12,"f:33:36:33:37":2,"s:34:4:40:Infinity":13,"s:35:6:35:Infinity":14,"s:36:6:36:Infinity":15,"s:38:6:38:Infinity":16,"s:39:6:39:Infinity":17,"s:44:1:52:Infinity":18,"f:44:12:44:13":3,"b:45:4:45:26:undefined:undefined:undefined:undefined":2,"s:45:4:45:26":19,"s:45:19:45:26":20,"s:47:18:49:21":21,"f:47:29:47:30":4,"s:48:6:48:Infinity":22,"s:51:4:51:Infinity":23,"f:51:11:51:12":5,"s:51:17:51:36":24,"s:54:2:54:Infinity":25}}}
,"D:\\code\\sentences-dictation\\src\\services\\cacheService.js": {"path":"D:\\code\\sentences-dictation\\src\\services\\cacheService.js","statementMap":{"0":{"start":{"line":2,"column":26},"end":{"line":2,"column":33}},"1":{"start":{"line":5,"column":18},"end":{"line":5,"column":70}},"2":{"start":{"line":8,"column":25},"end":{"line":13,"column":1}},"3":{"start":{"line":9,"column":20},"end":{"line":9,"column":70}},"4":{"start":{"line":10,"column":12},"end":{"line":10,"column":48}},"5":{"start":{"line":12,"column":2},"end":{"line":12,"column":null}},"6":{"start":{"line":16,"column":18},"end":{"line":44,"column":1}},"7":{"start":{"line":17,"column":2},"end":{"line":43,"column":null}},"8":{"start":{"line":18,"column":4},"end":{"line":20,"column":null}},"9":{"start":{"line":19,"column":6},"end":{"line":19,"column":null}},"10":{"start":{"line":22,"column":16},"end":{"line":22,"column":54}},"11":{"start":{"line":23,"column":22},"end":{"line":23,"column":47}},"12":{"start":{"line":25,"column":4},"end":{"line":27,"column":null}},"13":{"start":{"line":26,"column":6},"end":{"line":26,"column":null}},"14":{"start":{"line":29,"column":18},"end":{"line":29,"column":39}},"15":{"start":{"line":32,"column":16},"end":{"line":32,"column":26}},"16":{"start":{"line":33,"column":4},"end":{"line":37,"column":null}},"17":{"start":{"line":35,"column":6},"end":{"line":35,"column":null}},"18":{"start":{"line":36,"column":6},"end":{"line":36,"column":null}},"19":{"start":{"line":39,"column":4},"end":{"line":39,"column":null}},"20":{"start":{"line":41,"column":4},"end":{"line":41,"column":null}},"21":{"start":{"line":42,"column":4},"end":{"line":42,"column":null}},"22":{"start":{"line":47,"column":19},"end":{"line":66,"column":1}},"23":{"start":{"line":48,"column":2},"end":{"line":65,"column":null}},"24":{"start":{"line":49,"column":4},"end":{"line":51,"column":null}},"25":{"start":{"line":50,"column":6},"end":{"line":50,"column":null}},"26":{"start":{"line":53,"column":16},"end":{"line":53,"column":54}},"27":{"start":{"line":54,"column":18},"end":{"line":58,"column":5}},"28":{"start":{"line":60,"column":4},"end":{"line":60,"column":null}},"29":{"start":{"line":61,"column":4},"end":{"line":61,"column":null}},"30":{"start":{"line":63,"column":4},"end":{"line":63,"column":null}},"31":{"start":{"line":64,"column":4},"end":{"line":64,"column":null}},"32":{"start":{"line":69,"column":19},"end":{"line":90,"column":1}},"33":{"start":{"line":70,"column":2},"end":{"line":89,"column":null}},"34":{"start":{"line":71,"column":4},"end":{"line":73,"column":null}},"35":{"start":{"line":72,"column":6},"end":{"line":72,"column":null}},"36":{"start":{"line":76,"column":25},"end":{"line":76,"column":27}},"37":{"start":{"line":77,"column":4},"end":{"line":82,"column":null}},"38":{"start":{"line":77,"column":17},"end":{"line":77,"column":18}},"39":{"start":{"line":78,"column":18},"end":{"line":78,"column":37}},"40":{"start":{"line":79,"column":6},"end":{"line":81,"column":null}},"41":{"start":{"line":80,"column":8},"end":{"line":80,"column":null}},"42":{"start":{"line":84,"column":4},"end":{"line":84,"column":null}},"43":{"start":{"line":84,"column":32},"end":{"line":84,"column":60}},"44":{"start":{"line":85,"column":4},"end":{"line":85,"column":null}},"45":{"start":{"line":87,"column":4},"end":{"line":87,"column":null}},"46":{"start":{"line":88,"column":4},"end":{"line":88,"column":null}},"47":{"start":{"line":93,"column":22},"end":{"line":114,"column":1}},"48":{"start":{"line":94,"column":2},"end":{"line":113,"column":null}},"49":{"start":{"line":95,"column":4},"end":{"line":97,"column":null}},"50":{"start":{"line":96,"column":6},"end":{"line":96,"column":null}},"51":{"start":{"line":100,"column":25},"end":{"line":100,"column":27}},"52":{"start":{"line":101,"column":4},"end":{"line":106,"column":null}},"53":{"start":{"line":101,"column":17},"end":{"line":101,"column":18}},"54":{"start":{"line":102,"column":18},"end":{"line":102,"column":37}},"55":{"start":{"line":103,"column":6},"end":{"line":105,"column":null}},"56":{"start":{"line":104,"column":8},"end":{"line":104,"column":null}},"57":{"start":{"line":108,"column":4},"end":{"line":108,"column":null}},"58":{"start":{"line":108,"column":32},"end":{"line":108,"column":60}},"59":{"start":{"line":109,"column":4},"end":{"line":109,"column":null}},"60":{"start":{"line":111,"column":4},"end":{"line":111,"column":null}},"61":{"start":{"line":112,"column":4},"end":{"line":112,"column":null}},"62":{"start":{"line":118,"column":20},"end":{"line":131,"column":1}},"63":{"start":{"line":119,"column":2},"end":{"line":130,"column":null}},"64":{"start":{"line":121,"column":4},"end":{"line":123,"column":null}},"65":{"start":{"line":122,"column":6},"end":{"line":122,"column":null}},"66":{"start":{"line":126,"column":4},"end":{"line":126,"column":null}},"67":{"start":{"line":128,"column":4},"end":{"line":128,"column":null}},"68":{"start":{"line":129,"column":4},"end":{"line":129,"column":null}},"69":{"start":{"line":134,"column":21},"end":{"line":141,"column":1}}},"fnMap":{"0":{"name":"(anonymous_0)","decl":{"start":{"line":8,"column":25},"end":{"line":8,"column":26}},"loc":{"start":{"line":8,"column":56},"end":{"line":13,"column":1}},"line":8},"1":{"name":"(anonymous_1)","decl":{"start":{"line":16,"column":18},"end":{"line":16,"column":19}},"loc":{"start":{"line":16,"column":49},"end":{"line":44,"column":1}},"line":16},"2":{"name":"(anonymous_2)","decl":{"start":{"line":47,"column":19},"end":{"line":47,"column":20}},"loc":{"start":{"line":47,"column":81},"end":{"line":66,"column":1}},"line":47},"3":{"name":"(anonymous_3)","decl":{"start":{"line":69,"column":19},"end":{"line":69,"column":20}},"loc":{"start":{"line":69,"column":37},"end":{"line":90,"column":1}},"line":69},"4":{"name":"(anonymous_4)","decl":{"start":{"line":84,"column":25},"end":{"line":84,"column":28}},"loc":{"start":{"line":84,"column":32},"end":{"line":84,"column":60}},"line":84},"5":{"name":"(anonymous_5)","decl":{"start":{"line":93,"column":22},"end":{"line":93,"column":23}},"loc":{"start":{"line":93,"column":28},"end":{"line":114,"column":1}},"line":93},"6":{"name":"(anonymous_6)","decl":{"start":{"line":108,"column":25},"end":{"line":108,"column":28}},"loc":{"start":{"line":108,"column":32},"end":{"line":108,"column":60}},"line":108},"7":{"name":"(anonymous_7)","decl":{"start":{"line":118,"column":20},"end":{"line":118,"column":21}},"loc":{"start":{"line":118,"column":35},"end":{"line":131,"column":1}},"line":118}},"branchMap":{"0":{"loc":{"start":{"line":5,"column":18},"end":{"line":5,"column":70}},"type":"binary-expr","locations":[{"start":{"line":5,"column":18},"end":{"line":5,"column":47}},{"start":{"line":5,"column":51},"end":{"line":5,"column":70}}],"line":5},"1":{"loc":{"start":{"line":8,"column":40},"end":{"line":8,"column":51}},"type":"default-arg","locations":[{"start":{"line":8,"column":49},"end":{"line":8,"column":51}}],"line":8},"2":{"loc":{"start":{"line":16,"column":33},"end":{"line":16,"column":44}},"type":"default-arg","locations":[{"start":{"line":16,"column":42},"end":{"line":16,"column":44}}],"line":16},"3":{"loc":{"start":{"line":18,"column":4},"end":{"line":20,"column":null}},"type":"if","locations":[{"start":{"line":18,"column":4},"end":{"line":20,"column":null}},{"start":{},"end":{}}],"line":18},"4":{"loc":{"start":{"line":25,"column":4},"end":{"line":27,"column":null}},"type":"if","locations":[{"start":{"line":25,"column":4},"end":{"line":27,"column":null}},{"start":{},"end":{}}],"line":25},"5":{"loc":{"start":{"line":33,"column":4},"end":{"line":37,"column":null}},"type":"if","locations":[{"start":{"line":33,"column":4},"end":{"line":37,"column":null}},{"start":{},"end":{}}],"line":33},"6":{"loc":{"start":{"line":33,"column":33},"end":{"line":33,"column":63}},"type":"binary-expr","locations":[{"start":{"line":33,"column":33},"end":{"line":33,"column":42}},{"start":{"line":33,"column":46},"end":{"line":33,"column":63}}],"line":33},"7":{"loc":{"start":{"line":47,"column":40},"end":{"line":47,"column":51}},"type":"default-arg","locations":[{"start":{"line":47,"column":49},"end":{"line":47,"column":51}}],"line":47},"8":{"loc":{"start":{"line":47,"column":53},"end":{"line":47,"column":76}},"type":"default-arg","locations":[{"start":{"line":47,"column":59},"end":{"line":47,"column":76}}],"line":47},"9":{"loc":{"start":{"line":49,"column":4},"end":{"line":51,"column":null}},"type":"if","locations":[{"start":{"line":49,"column":4},"end":{"line":51,"column":null}},{"start":{},"end":{}}],"line":49},"10":{"loc":{"start":{"line":71,"column":4},"end":{"line":73,"column":null}},"type":"if","locations":[{"start":{"line":71,"column":4},"end":{"line":73,"column":null}},{"start":{},"end":{}}],"line":71},"11":{"loc":{"start":{"line":79,"column":6},"end":{"line":81,"column":null}},"type":"if","locations":[{"start":{"line":79,"column":6},"end":{"line":81,"column":null}},{"start":{},"end":{}}],"line":79},"12":{"loc":{"start":{"line":79,"column":10},"end":{"line":79,"column":51}},"type":"binary-expr","locations":[{"start":{"line":79,"column":10},"end":{"line":79,"column":13}},{"start":{"line":79,"column":17},"end":{"line":79,"column":51}}],"line":79},"13":{"loc":{"start":{"line":95,"column":4},"end":{"line":97,"column":null}},"type":"if","locations":[{"start":{"line":95,"column":4},"end":{"line":97,"column":null}},{"start":{},"end":{}}],"line":95},"14":{"loc":{"start":{"line":103,"column":6},"end":{"line":105,"column":null}},"type":"if","locations":[{"start":{"line":103,"column":6},"end":{"line":105,"column":null}},{"start":{},"end":{}}],"line":103},"15":{"loc":{"start":{"line":121,"column":4},"end":{"line":123,"column":null}},"type":"if","locations":[{"start":{"line":121,"column":4},"end":{"line":123,"column":null}},{"start":{},"end":{}}],"line":121}},"s":{"0":4,"1":4,"2":4,"3":22,"4":22,"5":22,"6":4,"7":6,"8":6,"9":0,"10":6,"11":6,"12":6,"13":1,"14":3,"15":3,"16":3,"17":1,"18":1,"19":1,"20":3,"21":3,"22":4,"23":8,"24":8,"25":0,"26":8,"27":8,"28":8,"29":8,"30":2,"31":2,"32":4,"33":3,"34":3,"35":0,"36":3,"37":3,"38":3,"39":4,"40":4,"41":2,"42":1,"43":2,"44":1,"45":2,"46":2,"47":4,"48":3,"49":3,"50":0,"51":3,"52":3,"53":3,"54":4,"55":4,"56":3,"57":1,"58":3,"59":1,"60":2,"61":2,"62":4,"63":2,"64":2,"65":2,"66":0,"67":0,"68":0,"69":4},"f":{"0":22,"1":6,"2":8,"3":3,"4":2,"5":3,"6":3,"7":2},"b":{"0":[4,4],"1":[22],"2":[6],"3":[0,6],"4":[1,5],"5":[1,2],"6":[3,0],"7":[8],"8":[8],"9":[0,8],"10":[0,3],"11":[2,2],"12":[4,3],"13":[0,3],"14":[3,1],"15":[2,0]},"meta":{"lastBranch":16,"lastFunction":8,"lastStatement":70,"seen":{"s:2:26:2:33":0,"s:5:18:5:70":1,"b:5:18:5:47:5:51:5:70":0,"s:8:25:13:1":2,"f:8:25:8:26":0,"b:8:49:8:51":1,"s:9:20:9:70":3,"s:10:12:10:48":4,"s:12:2:12:Infinity":5,"s:16:18:44:1":6,"f:16:18:16:19":1,"b:16:42:16:44":2,"s:17:2:43:Infinity":7,"b:18:4:20:Infinity:undefined:undefined:undefined:undefined":3,"s:18:4:20:Infinity":8,"s:19:6:19:Infinity":9,"s:22:16:22:54":10,"s:23:22:23:47":11,"b:25:4:27:Infinity:undefined:undefined:undefined:undefined":4,"s:25:4:27:Infinity":12,"s:26:6:26:Infinity":13,"s:29:18:29:39":14,"s:32:16:32:26":15,"b:33:4:37:Infinity:undefined:undefined:undefined:undefined":5,"s:33:4:37:Infinity":16,"b:33:33:33:42:33:46:33:63":6,"s:35:6:35:Infinity":17,"s:36:6:36:Infinity":18,"s:39:4:39:Infinity":19,"s:41:4:41:Infinity":20,"s:42:4:42:Infinity":21,"s:47:19:66:1":22,"f:47:19:47:20":2,"b:47:49:47:51":7,"b:47:59:47:76":8,"s:48:2:65:Infinity":23,"b:49:4:51:Infinity:undefined:undefined:undefined:undefined":9,"s:49:4:51:Infinity":24,"s:50:6:50:Infinity":25,"s:53:16:53:54":26,"s:54:18:58:5":27,"s:60:4:60:Infinity":28,"s:61:4:61:Infinity":29,"s:63:4:63:Infinity":30,"s:64:4:64:Infinity":31,"s:69:19:90:1":32,"f:69:19:69:20":3,"s:70:2:89:Infinity":33,"b:71:4:73:Infinity:undefined:undefined:undefined:undefined":10,"s:71:4:73:Infinity":34,"s:72:6:72:Infinity":35,"s:76:25:76:27":36,"s:77:4:82:Infinity":37,"s:77:17:77:18":38,"s:78:18:78:37":39,"b:79:6:81:Infinity:undefined:undefined:undefined:undefined":11,"s:79:6:81:Infinity":40,"b:79:10:79:13:79:17:79:51":12,"s:80:8:80:Infinity":41,"s:84:4:84:Infinity":42,"f:84:25:84:28":4,"s:84:32:84:60":43,"s:85:4:85:Infinity":44,"s:87:4:87:Infinity":45,"s:88:4:88:Infinity":46,"s:93:22:114:1":47,"f:93:22:93:23":5,"s:94:2:113:Infinity":48,"b:95:4:97:Infinity:undefined:undefined:undefined:undefined":13,"s:95:4:97:Infinity":49,"s:96:6:96:Infinity":50,"s:100:25:100:27":51,"s:101:4:106:Infinity":52,"s:101:17:101:18":53,"s:102:18:102:37":54,"b:103:6:105:Infinity:undefined:undefined:undefined:undefined":14,"s:103:6:105:Infinity":55,"s:104:8:104:Infinity":56,"s:108:4:108:Infinity":57,"f:108:25:108:28":6,"s:108:32:108:60":58,"s:109:4:109:Infinity":59,"s:111:4:111:Infinity":60,"s:112:4:112:Infinity":61,"s:118:20:131:1":62,"f:118:20:118:21":7,"s:119:2:130:Infinity":63,"b:121:4:123:Infinity:undefined:undefined:undefined:undefined":15,"s:121:4:123:Infinity":64,"s:122:6:122:Infinity":65,"s:126:4:126:Infinity":66,"s:128:4:128:Infinity":67,"s:129:4:129:Infinity":68,"s:134:21:141:1":69}}}
,"D:\\code\\sentences-dictation\\src\\services\\dataService.js": {"path":"D:\\code\\sentences-dictation\\src\\services\\dataService.js","statementMap":{"0":{"start":{"line":15,"column":33},"end":{"line":22,"column":1}},"1":{"start":{"line":25,"column":28},"end":{"line":51,"column":1}},"2":{"start":{"line":54,"column":38},"end":{"line":58,"column":1}},"3":{"start":{"line":61,"column":32},"end":{"line":79,"column":1}},"4":{"start":{"line":86,"column":27},"end":{"line":98,"column":1}},"5":{"start":{"line":87,"column":17},"end":{"line":87,"column":19}},"6":{"start":{"line":88,"column":19},"end":{"line":95,"column":3}},"7":{"start":{"line":89,"column":4},"end":{"line":94,"column":5}},"8":{"start":{"line":90,"column":6},"end":{"line":90,"column":24}},"9":{"start":{"line":91,"column":6},"end":{"line":93,"column":7}},"10":{"start":{"line":92,"column":8},"end":{"line":92,"column":32}},"11":{"start":{"line":96,"column":2},"end":{"line":96,"column":17}},"12":{"start":{"line":97,"column":2},"end":{"line":97,"column":16}},"13":{"start":{"line":105,"column":28},"end":{"line":107,"column":1}},"14":{"start":{"line":106,"column":2},"end":{"line":106,"column":76}},"15":{"start":{"line":106,"column":52},"end":{"line":106,"column":66}},"16":{"start":{"line":113,"column":39},"end":{"line":125,"column":1}},"17":{"start":{"line":115,"column":2},"end":{"line":123,"column":3}},"18":{"start":{"line":116,"column":4},"end":{"line":122,"column":54}},"19":{"start":{"line":117,"column":6},"end":{"line":121,"column":9}},"20":{"start":{"line":117,"column":58},"end":{"line":121,"column":7}},"21":{"start":{"line":122,"column":18},"end":{"line":122,"column":52}},"22":{"start":{"line":124,"column":2},"end":{"line":124,"column":34}},"23":{"start":{"line":132,"column":34},"end":{"line":207,"column":1}},"24":{"start":{"line":134,"column":21},"end":{"line":134,"column":42}},"25":{"start":{"line":135,"column":18},"end":{"line":135,"column":22}},"26":{"start":{"line":137,"column":2},"end":{"line":206,"column":3}},"27":{"start":{"line":139,"column":24},"end":{"line":139,"column":66}},"28":{"start":{"line":142,"column":4},"end":{"line":142,"column":60}},"29":{"start":{"line":142,"column":33},"end":{"line":142,"column":51}},"30":{"start":{"line":144,"column":4},"end":{"line":144,"column":64}},"31":{"start":{"line":146,"column":21},"end":{"line":148,"column":6}},"32":{"start":{"line":151,"column":24},"end":{"line":151,"column":60}},"33":{"start":{"line":152,"column":27},"end":{"line":152,"column":42}},"34":{"start":{"line":153,"column":31},"end":{"line":153,"column":50}},"35":{"start":{"line":155,"column":4},"end":{"line":161,"column":7}},"36":{"start":{"line":165,"column":4},"end":{"line":177,"column":5}},"37":{"start":{"line":166,"column":6},"end":{"line":166,"column":35}},"38":{"start":{"line":169,"column":27},"end":{"line":169,"column":72}},"39":{"start":{"line":169,"column":61},"end":{"line":169,"column":71}},"40":{"start":{"line":170,"column":6},"end":{"line":175,"column":9}},"41":{"start":{"line":176,"column":6},"end":{"line":176,"column":134}},"42":{"start":{"line":179,"column":4},"end":{"line":185,"column":5}},"43":{"start":{"line":180,"column":6},"end":{"line":183,"column":9}},"44":{"start":{"line":184,"column":6},"end":{"line":184,"column":94}},"45":{"start":{"line":187,"column":4},"end":{"line":190,"column":5}},"46":{"start":{"line":188,"column":6},"end":{"line":188,"column":53}},"47":{"start":{"line":189,"column":6},"end":{"line":189,"column":50}},"48":{"start":{"line":192,"column":4},"end":{"line":192,"column":94}},"49":{"start":{"line":193,"column":4},"end":{"line":193,"column":32}},"50":{"start":{"line":195,"column":4},"end":{"line":198,"column":5}},"51":{"start":{"line":196,"column":6},"end":{"line":196,"column":50}},"52":{"start":{"line":197,"column":6},"end":{"line":197,"column":38}},"53":{"start":{"line":199,"column":4},"end":{"line":199,"column":61}},"54":{"start":{"line":200,"column":4},"end":{"line":200,"column":16}},"55":{"start":{"line":203,"column":4},"end":{"line":205,"column":5}},"56":{"start":{"line":204,"column":6},"end":{"line":204,"column":30}},"57":{"start":{"line":213,"column":31},"end":{"line":239,"column":1}},"58":{"start":{"line":214,"column":21},"end":{"line":214,"column":42}},"59":{"start":{"line":215,"column":18},"end":{"line":215,"column":22}},"60":{"start":{"line":217,"column":2},"end":{"line":238,"column":3}},"61":{"start":{"line":218,"column":24},"end":{"line":218,"column":78}},"62":{"start":{"line":219,"column":4},"end":{"line":219,"column":60}},"63":{"start":{"line":219,"column":33},"end":{"line":219,"column":51}},"64":{"start":{"line":221,"column":21},"end":{"line":221,"column":76}},"65":{"start":{"line":223,"column":4},"end":{"line":226,"column":5}},"66":{"start":{"line":224,"column":24},"end":{"line":224,"column":63}},"67":{"start":{"line":224,"column":59},"end":{"line":224,"column":61}},"68":{"start":{"line":225,"column":6},"end":{"line":225,"column":83}},"69":{"start":{"line":228,"column":17},"end":{"line":228,"column":38}},"70":{"start":{"line":229,"column":4},"end":{"line":229,"column":27}},"71":{"start":{"line":231,"column":4},"end":{"line":233,"column":5}},"72":{"start":{"line":232,"column":6},"end":{"line":232,"column":38}},"73":{"start":{"line":234,"column":4},"end":{"line":234,"column":58}},"74":{"start":{"line":235,"column":4},"end":{"line":235,"column":16}},"75":{"start":{"line":237,"column":4},"end":{"line":237,"column":52}},"76":{"start":{"line":237,"column":28},"end":{"line":237,"column":52}},"77":{"start":{"line":246,"column":35},"end":{"line":274,"column":1}},"78":{"start":{"line":247,"column":21},"end":{"line":247,"column":42}},"79":{"start":{"line":248,"column":18},"end":{"line":248,"column":22}},"80":{"start":{"line":250,"column":2},"end":{"line":273,"column":3}},"81":{"start":{"line":251,"column":24},"end":{"line":253,"column":50}},"82":{"start":{"line":254,"column":4},"end":{"line":254,"column":60}},"83":{"start":{"line":254,"column":33},"end":{"line":254,"column":51}},"84":{"start":{"line":256,"column":21},"end":{"line":256,"column":76}},"85":{"start":{"line":258,"column":4},"end":{"line":261,"column":5}},"86":{"start":{"line":259,"column":24},"end":{"line":259,"column":63}},"87":{"start":{"line":259,"column":59},"end":{"line":259,"column":61}},"88":{"start":{"line":260,"column":6},"end":{"line":260,"column":83}},"89":{"start":{"line":263,"column":17},"end":{"line":263,"column":38}},"90":{"start":{"line":264,"column":4},"end":{"line":264,"column":31}},"91":{"start":{"line":266,"column":4},"end":{"line":268,"column":5}},"92":{"start":{"line":267,"column":6},"end":{"line":267,"column":38}},"93":{"start":{"line":269,"column":4},"end":{"line":269,"column":62}},"94":{"start":{"line":270,"column":4},"end":{"line":270,"column":16}},"95":{"start":{"line":272,"column":4},"end":{"line":272,"column":52}},"96":{"start":{"line":272,"column":28},"end":{"line":272,"column":52}},"97":{"start":{"line":281,"column":36},"end":{"line":307,"column":1}},"98":{"start":{"line":282,"column":21},"end":{"line":282,"column":42}},"99":{"start":{"line":283,"column":18},"end":{"line":283,"column":22}},"100":{"start":{"line":285,"column":2},"end":{"line":306,"column":3}},"101":{"start":{"line":286,"column":24},"end":{"line":286,"column":107}},"102":{"start":{"line":287,"column":4},"end":{"line":287,"column":60}},"103":{"start":{"line":287,"column":33},"end":{"line":287,"column":51}},"104":{"start":{"line":289,"column":21},"end":{"line":289,"column":76}},"105":{"start":{"line":291,"column":4},"end":{"line":294,"column":5}},"106":{"start":{"line":292,"column":24},"end":{"line":292,"column":63}},"107":{"start":{"line":292,"column":59},"end":{"line":292,"column":61}},"108":{"start":{"line":293,"column":6},"end":{"line":293,"column":83}},"109":{"start":{"line":296,"column":17},"end":{"line":296,"column":38}},"110":{"start":{"line":297,"column":4},"end":{"line":297,"column":32}},"111":{"start":{"line":299,"column":4},"end":{"line":301,"column":5}},"112":{"start":{"line":300,"column":6},"end":{"line":300,"column":38}},"113":{"start":{"line":302,"column":4},"end":{"line":302,"column":63}},"114":{"start":{"line":303,"column":4},"end":{"line":303,"column":16}},"115":{"start":{"line":305,"column":4},"end":{"line":305,"column":52}},"116":{"start":{"line":305,"column":28},"end":{"line":305,"column":52}},"117":{"start":{"line":314,"column":36},"end":{"line":351,"column":1}},"118":{"start":{"line":316,"column":21},"end":{"line":316,"column":87}},"119":{"start":{"line":317,"column":2},"end":{"line":319,"column":3}},"120":{"start":{"line":318,"column":4},"end":{"line":318,"column":22}},"121":{"start":{"line":322,"column":2},"end":{"line":346,"column":3}},"122":{"start":{"line":324,"column":6},"end":{"line":324,"column":40}},"123":{"start":{"line":325,"column":6},"end":{"line":325,"column":12}},"124":{"start":{"line":327,"column":6},"end":{"line":327,"column":45}},"125":{"start":{"line":328,"column":6},"end":{"line":328,"column":12}},"126":{"start":{"line":330,"column":6},"end":{"line":330,"column":45}},"127":{"start":{"line":331,"column":6},"end":{"line":331,"column":12}},"128":{"start":{"line":333,"column":6},"end":{"line":333,"column":45}},"129":{"start":{"line":334,"column":6},"end":{"line":334,"column":12}},"130":{"start":{"line":336,"column":6},"end":{"line":336,"column":32}},"131":{"start":{"line":337,"column":6},"end":{"line":337,"column":12}},"132":{"start":{"line":341,"column":6},"end":{"line":341,"column":16}},"133":{"start":{"line":342,"column":6},"end":{"line":342,"column":12}},"134":{"start":{"line":344,"column":6},"end":{"line":344,"column":45}},"135":{"start":{"line":345,"column":6},"end":{"line":345,"column":12}},"136":{"start":{"line":349,"column":2},"end":{"line":349,"column":76}},"137":{"start":{"line":350,"column":2},"end":{"line":350,"column":14}},"138":{"start":{"line":361,"column":39},"end":{"line":377,"column":1}},"139":{"start":{"line":363,"column":2},"end":{"line":375,"column":3}},"140":{"start":{"line":364,"column":4},"end":{"line":374,"column":54}},"141":{"start":{"line":365,"column":6},"end":{"line":373,"column":9}},"142":{"start":{"line":365,"column":58},"end":{"line":373,"column":7}},"143":{"start":{"line":369,"column":69},"end":{"line":372,"column":9}},"144":{"start":{"line":374,"column":18},"end":{"line":374,"column":52}},"145":{"start":{"line":376,"column":2},"end":{"line":376,"column":34}},"146":{"start":{"line":379,"column":39},"end":{"line":391,"column":1}},"147":{"start":{"line":381,"column":2},"end":{"line":389,"column":3}},"148":{"start":{"line":382,"column":4},"end":{"line":388,"column":54}},"149":{"start":{"line":383,"column":6},"end":{"line":387,"column":9}},"150":{"start":{"line":383,"column":58},"end":{"line":387,"column":7}},"151":{"start":{"line":388,"column":18},"end":{"line":388,"column":52}},"152":{"start":{"line":390,"column":2},"end":{"line":390,"column":34}},"153":{"start":{"line":397,"column":33},"end":{"line":406,"column":1}},"154":{"start":{"line":398,"column":2},"end":{"line":405,"column":4}},"155":{"start":{"line":413,"column":43},"end":{"line":420,"column":1}},"156":{"start":{"line":414,"column":20},"end":{"line":414,"column":39}},"157":{"start":{"line":415,"column":19},"end":{"line":415,"column":59}},"158":{"start":{"line":415,"column":39},"end":{"line":415,"column":58}},"159":{"start":{"line":416,"column":2},"end":{"line":418,"column":3}},"160":{"start":{"line":417,"column":4},"end":{"line":417,"column":42}},"161":{"start":{"line":419,"column":2},"end":{"line":419,"column":29}},"162":{"start":{"line":427,"column":28},"end":{"line":434,"column":1}},"163":{"start":{"line":429,"column":2},"end":{"line":431,"column":3}},"164":{"start":{"line":430,"column":4},"end":{"line":430,"column":89}},"165":{"start":{"line":433,"column":2},"end":{"line":433,"column":48}}},"fnMap":{"0":{"name":"(anonymous_0)","decl":{"start":{"line":86,"column":27},"end":{"line":86,"column":28}},"loc":{"start":{"line":86,"column":37},"end":{"line":98,"column":1}},"line":86},"1":{"name":"(anonymous_1)","decl":{"start":{"line":88,"column":19},"end":{"line":88,"column":20}},"loc":{"start":{"line":88,"column":30},"end":{"line":95,"column":3}},"line":88},"2":{"name":"(anonymous_2)","decl":{"start":{"line":105,"column":28},"end":{"line":105,"column":29}},"loc":{"start":{"line":105,"column":36},"end":{"line":107,"column":1}},"line":105},"3":{"name":"(anonymous_3)","decl":{"start":{"line":106,"column":44},"end":{"line":106,"column":48}},"loc":{"start":{"line":106,"column":52},"end":{"line":106,"column":66}},"line":106},"4":{"name":"(anonymous_4)","decl":{"start":{"line":113,"column":39},"end":{"line":113,"column":44}},"loc":{"start":{"line":113,"column":51},"end":{"line":125,"column":1}},"line":113},"5":{"name":"(anonymous_5)","decl":{"start":{"line":116,"column":44},"end":{"line":116,"column":51}},"loc":{"start":{"line":117,"column":6},"end":{"line":121,"column":9}},"line":117},"6":{"name":"(anonymous_6)","decl":{"start":{"line":117,"column":36},"end":{"line":117,"column":37}},"loc":{"start":{"line":117,"column":58},"end":{"line":121,"column":7}},"line":117},"7":{"name":"(anonymous_7)","decl":{"start":{"line":122,"column":13},"end":{"line":122,"column":14}},"loc":{"start":{"line":122,"column":18},"end":{"line":122,"column":52}},"line":122},"8":{"name":"(anonymous_8)","decl":{"start":{"line":132,"column":34},"end":{"line":132,"column":39}},"loc":{"start":{"line":132,"column":46},"end":{"line":207,"column":1}},"line":132},"9":{"name":"(anonymous_9)","decl":{"start":{"line":142,"column":27},"end":{"line":142,"column":28}},"loc":{"start":{"line":142,"column":33},"end":{"line":142,"column":51}},"line":142},"10":{"name":"(anonymous_10)","decl":{"start":{"line":169,"column":55},"end":{"line":169,"column":56}},"loc":{"start":{"line":169,"column":61},"end":{"line":169,"column":71}},"line":169},"11":{"name":"(anonymous_11)","decl":{"start":{"line":213,"column":31},"end":{"line":213,"column":36}},"loc":{"start":{"line":213,"column":43},"end":{"line":239,"column":1}},"line":213},"12":{"name":"(anonymous_12)","decl":{"start":{"line":219,"column":27},"end":{"line":219,"column":28}},"loc":{"start":{"line":219,"column":33},"end":{"line":219,"column":51}},"line":219},"13":{"name":"(anonymous_13)","decl":{"start":{"line":224,"column":52},"end":{"line":224,"column":53}},"loc":{"start":{"line":224,"column":59},"end":{"line":224,"column":61}},"line":224},"14":{"name":"(anonymous_14)","decl":{"start":{"line":246,"column":35},"end":{"line":246,"column":40}},"loc":{"start":{"line":246,"column":59},"end":{"line":274,"column":1}},"line":246},"15":{"name":"(anonymous_15)","decl":{"start":{"line":254,"column":27},"end":{"line":254,"column":28}},"loc":{"start":{"line":254,"column":33},"end":{"line":254,"column":51}},"line":254},"16":{"name":"(anonymous_16)","decl":{"start":{"line":259,"column":52},"end":{"line":259,"column":53}},"loc":{"start":{"line":259,"column":59},"end":{"line":259,"column":61}},"line":259},"17":{"name":"(anonymous_17)","decl":{"start":{"line":281,"column":36},"end":{"line":281,"column":41}},"loc":{"start":{"line":281,"column":57},"end":{"line":307,"column":1}},"line":281},"18":{"name":"(anonymous_18)","decl":{"start":{"line":287,"column":27},"end":{"line":287,"column":28}},"loc":{"start":{"line":287,"column":33},"end":{"line":287,"column":51}},"line":287},"19":{"name":"(anonymous_19)","decl":{"start":{"line":292,"column":52},"end":{"line":292,"column":53}},"loc":{"start":{"line":292,"column":59},"end":{"line":292,"column":61}},"line":292},"20":{"name":"(anonymous_20)","decl":{"start":{"line":314,"column":36},"end":{"line":314,"column":41}},"loc":{"start":{"line":314,"column":96},"end":{"line":351,"column":1}},"line":314},"21":{"name":"(anonymous_21)","decl":{"start":{"line":361,"column":39},"end":{"line":361,"column":44}},"loc":{"start":{"line":361,"column":51},"end":{"line":377,"column":1}},"line":361},"22":{"name":"(anonymous_22)","decl":{"start":{"line":364,"column":44},"end":{"line":364,"column":51}},"loc":{"start":{"line":365,"column":6},"end":{"line":373,"column":9}},"line":365},"23":{"name":"(anonymous_23)","decl":{"start":{"line":365,"column":36},"end":{"line":365,"column":37}},"loc":{"start":{"line":365,"column":58},"end":{"line":373,"column":7}},"line":365},"24":{"name":"(anonymous_24)","decl":{"start":{"line":369,"column":60},"end":{"line":369,"column":64}},"loc":{"start":{"line":369,"column":69},"end":{"line":372,"column":9}},"line":369},"25":{"name":"(anonymous_25)","decl":{"start":{"line":374,"column":13},"end":{"line":374,"column":14}},"loc":{"start":{"line":374,"column":18},"end":{"line":374,"column":52}},"line":374},"26":{"name":"(anonymous_26)","decl":{"start":{"line":379,"column":39},"end":{"line":379,"column":44}},"loc":{"start":{"line":379,"column":51},"end":{"line":391,"column":1}},"line":379},"27":{"name":"(anonymous_27)","decl":{"start":{"line":382,"column":44},"end":{"line":382,"column":51}},"loc":{"start":{"line":383,"column":6},"end":{"line":387,"column":9}},"line":383},"28":{"name":"(anonymous_28)","decl":{"start":{"line":383,"column":36},"end":{"line":383,"column":37}},"loc":{"start":{"line":383,"column":58},"end":{"line":387,"column":7}},"line":383},"29":{"name":"(anonymous_29)","decl":{"start":{"line":388,"column":13},"end":{"line":388,"column":14}},"loc":{"start":{"line":388,"column":18},"end":{"line":388,"column":52}},"line":388},"30":{"name":"(anonymous_30)","decl":{"start":{"line":397,"column":33},"end":{"line":397,"column":34}},"loc":{"start":{"line":397,"column":39},"end":{"line":406,"column":1}},"line":397},"31":{"name":"(anonymous_31)","decl":{"start":{"line":413,"column":43},"end":{"line":413,"column":48}},"loc":{"start":{"line":413,"column":83},"end":{"line":420,"column":1}},"line":413},"32":{"name":"(anonymous_32)","decl":{"start":{"line":415,"column":34},"end":{"line":415,"column":35}},"loc":{"start":{"line":415,"column":39},"end":{"line":415,"column":58}},"line":415},"33":{"name":"(anonymous_33)","decl":{"start":{"line":427,"column":28},"end":{"line":427,"column":33}},"loc":{"start":{"line":427,"column":84},"end":{"line":434,"column":1}},"line":427}},"branchMap":{"0":{"loc":{"start":{"line":91,"column":6},"end":{"line":93,"column":7}},"type":"if","locations":[{"start":{"line":91,"column":6},"end":{"line":93,"column":7}},{"start":{},"end":{}}],"line":91},"1":{"loc":{"start":{"line":106,"column":9},"end":{"line":106,"column":75}},"type":"binary-expr","locations":[{"start":{"line":106,"column":9},"end":{"line":106,"column":67}},{"start":{"line":106,"column":71},"end":{"line":106,"column":75}}],"line":106},"2":{"loc":{"start":{"line":115,"column":2},"end":{"line":123,"column":3}},"type":"if","locations":[{"start":{"line":115,"column":2},"end":{"line":123,"column":3}},{"start":{},"end":{}}],"line":115},"3":{"loc":{"start":{"line":115,"column":6},"end":{"line":115,"column":57}},"type":"binary-expr","locations":[{"start":{"line":115,"column":6},"end":{"line":115,"column":29}},{"start":{"line":115,"column":33},"end":{"line":115,"column":57}}],"line":115},"4":{"loc":{"start":{"line":117,"column":7},"end":{"line":117,"column":30}},"type":"binary-expr","locations":[{"start":{"line":117,"column":7},"end":{"line":117,"column":24}},{"start":{"line":117,"column":28},"end":{"line":117,"column":30}}],"line":117},"5":{"loc":{"start":{"line":118,"column":14},"end":{"line":118,"column":33}},"type":"binary-expr","locations":[{"start":{"line":118,"column":14},"end":{"line":118,"column":27}},{"start":{"line":118,"column":31},"end":{"line":118,"column":33}}],"line":118},"6":{"loc":{"start":{"line":119,"column":21},"end":{"line":119,"column":47}},"type":"binary-expr","locations":[{"start":{"line":119,"column":21},"end":{"line":119,"column":41}},{"start":{"line":119,"column":45},"end":{"line":119,"column":47}}],"line":119},"7":{"loc":{"start":{"line":122,"column":18},"end":{"line":122,"column":52}},"type":"binary-expr","locations":[{"start":{"line":122,"column":18},"end":{"line":122,"column":24}},{"start":{"line":122,"column":28},"end":{"line":122,"column":52}}],"line":122},"8":{"loc":{"start":{"line":173,"column":56},"end":{"line":173,"column":94}},"type":"cond-expr","locations":[{"start":{"line":173,"column":84},"end":{"line":173,"column":89}},{"start":{"line":173,"column":92},"end":{"line":173,"column":94}}],"line":173},"9":{"loc":{"start":{"line":179,"column":4},"end":{"line":185,"column":5}},"type":"if","locations":[{"start":{"line":179,"column":4},"end":{"line":185,"column":5}},{"start":{},"end":{}}],"line":179},"10":{"loc":{"start":{"line":184,"column":22},"end":{"line":184,"column":92}},"type":"binary-expr","locations":[{"start":{"line":184,"column":22},"end":{"line":184,"column":34}},{"start":{"line":184,"column":38},"end":{"line":184,"column":48}},{"start":{"line":184,"column":52},"end":{"line":184,"column":92}}],"line":184},"11":{"loc":{"start":{"line":187,"column":4},"end":{"line":190,"column":5}},"type":"if","locations":[{"start":{"line":187,"column":4},"end":{"line":190,"column":5}},{"start":{},"end":{}}],"line":187},"12":{"loc":{"start":{"line":189,"column":22},"end":{"line":189,"column":48}},"type":"binary-expr","locations":[{"start":{"line":189,"column":22},"end":{"line":189,"column":34}},{"start":{"line":189,"column":38},"end":{"line":189,"column":48}}],"line":189},"13":{"loc":{"start":{"line":192,"column":40},"end":{"line":192,"column":67}},"type":"binary-expr","locations":[{"start":{"line":192,"column":40},"end":{"line":192,"column":62}},{"start":{"line":192,"column":66},"end":{"line":192,"column":67}}],"line":192},"14":{"loc":{"start":{"line":193,"column":11},"end":{"line":193,"column":31}},"type":"binary-expr","locations":[{"start":{"line":193,"column":11},"end":{"line":193,"column":25}},{"start":{"line":193,"column":29},"end":{"line":193,"column":31}}],"line":193},"15":{"loc":{"start":{"line":195,"column":4},"end":{"line":198,"column":5}},"type":"if","locations":[{"start":{"line":195,"column":4},"end":{"line":198,"column":5}},{"start":{},"end":{}}],"line":195},"16":{"loc":{"start":{"line":203,"column":4},"end":{"line":205,"column":5}},"type":"if","locations":[{"start":{"line":203,"column":4},"end":{"line":205,"column":5}},{"start":{},"end":{}}],"line":203},"17":{"loc":{"start":{"line":223,"column":4},"end":{"line":226,"column":5}},"type":"if","locations":[{"start":{"line":223,"column":4},"end":{"line":226,"column":5}},{"start":{},"end":{}}],"line":223},"18":{"loc":{"start":{"line":225,"column":22},"end":{"line":225,"column":81}},"type":"binary-expr","locations":[{"start":{"line":225,"column":22},"end":{"line":225,"column":37}},{"start":{"line":225,"column":41},"end":{"line":225,"column":81}}],"line":225},"19":{"loc":{"start":{"line":229,"column":11},"end":{"line":229,"column":26}},"type":"binary-expr","locations":[{"start":{"line":229,"column":11},"end":{"line":229,"column":20}},{"start":{"line":229,"column":24},"end":{"line":229,"column":26}}],"line":229},"20":{"loc":{"start":{"line":231,"column":4},"end":{"line":233,"column":5}},"type":"if","locations":[{"start":{"line":231,"column":4},"end":{"line":233,"column":5}},{"start":{},"end":{}}],"line":231},"21":{"loc":{"start":{"line":237,"column":4},"end":{"line":237,"column":52}},"type":"if","locations":[{"start":{"line":237,"column":4},"end":{"line":237,"column":52}},{"start":{},"end":{}}],"line":237},"22":{"loc":{"start":{"line":246,"column":42},"end":{"line":246,"column":54}},"type":"default-arg","locations":[{"start":{"line":246,"column":50},"end":{"line":246,"column":54}}],"line":246},"23":{"loc":{"start":{"line":251,"column":24},"end":{"line":253,"column":50}},"type":"cond-expr","locations":[{"start":{"line":252,"column":8},"end":{"line":252,"column":66}},{"start":{"line":253,"column":8},"end":{"line":253,"column":50}}],"line":251},"24":{"loc":{"start":{"line":258,"column":4},"end":{"line":261,"column":5}},"type":"if","locations":[{"start":{"line":258,"column":4},"end":{"line":261,"column":5}},{"start":{},"end":{}}],"line":258},"25":{"loc":{"start":{"line":260,"column":22},"end":{"line":260,"column":81}},"type":"binary-expr","locations":[{"start":{"line":260,"column":22},"end":{"line":260,"column":37}},{"start":{"line":260,"column":41},"end":{"line":260,"column":81}}],"line":260},"26":{"loc":{"start":{"line":264,"column":11},"end":{"line":264,"column":30}},"type":"binary-expr","locations":[{"start":{"line":264,"column":11},"end":{"line":264,"column":24}},{"start":{"line":264,"column":28},"end":{"line":264,"column":30}}],"line":264},"27":{"loc":{"start":{"line":266,"column":4},"end":{"line":268,"column":5}},"type":"if","locations":[{"start":{"line":266,"column":4},"end":{"line":268,"column":5}},{"start":{},"end":{}}],"line":266},"28":{"loc":{"start":{"line":272,"column":4},"end":{"line":272,"column":52}},"type":"if","locations":[{"start":{"line":272,"column":4},"end":{"line":272,"column":52}},{"start":{},"end":{}}],"line":272},"29":{"loc":{"start":{"line":291,"column":4},"end":{"line":294,"column":5}},"type":"if","locations":[{"start":{"line":291,"column":4},"end":{"line":294,"column":5}},{"start":{},"end":{}}],"line":291},"30":{"loc":{"start":{"line":293,"column":22},"end":{"line":293,"column":81}},"type":"binary-expr","locations":[{"start":{"line":293,"column":22},"end":{"line":293,"column":37}},{"start":{"line":293,"column":41},"end":{"line":293,"column":81}}],"line":293},"31":{"loc":{"start":{"line":297,"column":11},"end":{"line":297,"column":31}},"type":"binary-expr","locations":[{"start":{"line":297,"column":11},"end":{"line":297,"column":25}},{"start":{"line":297,"column":29},"end":{"line":297,"column":31}}],"line":297},"32":{"loc":{"start":{"line":299,"column":4},"end":{"line":301,"column":5}},"type":"if","locations":[{"start":{"line":299,"column":4},"end":{"line":301,"column":5}},{"start":{},"end":{}}],"line":299},"33":{"loc":{"start":{"line":305,"column":4},"end":{"line":305,"column":52}},"type":"if","locations":[{"start":{"line":305,"column":4},"end":{"line":305,"column":52}},{"start":{},"end":{}}],"line":305},"34":{"loc":{"start":{"line":314,"column":43},"end":{"line":314,"column":91}},"type":"default-arg","locations":[{"start":{"line":314,"column":60},"end":{"line":314,"column":91}}],"line":314},"35":{"loc":{"start":{"line":317,"column":2},"end":{"line":319,"column":3}},"type":"if","locations":[{"start":{"line":317,"column":2},"end":{"line":319,"column":3}},{"start":{},"end":{}}],"line":317},"36":{"loc":{"start":{"line":322,"column":2},"end":{"line":346,"column":3}},"type":"switch","locations":[{"start":{"line":323,"column":4},"end":{"line":325,"column":12}},{"start":{"line":326,"column":4},"end":{"line":328,"column":12}},{"start":{"line":329,"column":4},"end":{"line":331,"column":12}},{"start":{"line":332,"column":4},"end":{"line":334,"column":12}},{"start":{"line":335,"column":4},"end":{"line":337,"column":12}},{"start":{"line":338,"column":4},"end":{"line":342,"column":12}},{"start":{"line":343,"column":4},"end":{"line":345,"column":12}}],"line":322},"37":{"loc":{"start":{"line":363,"column":2},"end":{"line":375,"column":3}},"type":"if","locations":[{"start":{"line":363,"column":2},"end":{"line":375,"column":3}},{"start":{},"end":{}}],"line":363},"38":{"loc":{"start":{"line":363,"column":6},"end":{"line":363,"column":57}},"type":"binary-expr","locations":[{"start":{"line":363,"column":6},"end":{"line":363,"column":29}},{"start":{"line":363,"column":33},"end":{"line":363,"column":57}}],"line":363},"39":{"loc":{"start":{"line":365,"column":7},"end":{"line":365,"column":30}},"type":"binary-expr","locations":[{"start":{"line":365,"column":7},"end":{"line":365,"column":24}},{"start":{"line":365,"column":28},"end":{"line":365,"column":30}}],"line":365},"40":{"loc":{"start":{"line":366,"column":14},"end":{"line":366,"column":39}},"type":"binary-expr","locations":[{"start":{"line":366,"column":14},"end":{"line":366,"column":27}},{"start":{"line":366,"column":31},"end":{"line":366,"column":39}}],"line":366},"41":{"loc":{"start":{"line":367,"column":21},"end":{"line":367,"column":47}},"type":"binary-expr","locations":[{"start":{"line":367,"column":21},"end":{"line":367,"column":41}},{"start":{"line":367,"column":45},"end":{"line":367,"column":47}}],"line":367},"42":{"loc":{"start":{"line":369,"column":16},"end":{"line":369,"column":41}},"type":"binary-expr","locations":[{"start":{"line":369,"column":16},"end":{"line":369,"column":29}},{"start":{"line":369,"column":33},"end":{"line":369,"column":41}}],"line":369},"43":{"loc":{"start":{"line":374,"column":18},"end":{"line":374,"column":52}},"type":"binary-expr","locations":[{"start":{"line":374,"column":18},"end":{"line":374,"column":24}},{"start":{"line":374,"column":28},"end":{"line":374,"column":52}}],"line":374},"44":{"loc":{"start":{"line":381,"column":2},"end":{"line":389,"column":3}},"type":"if","locations":[{"start":{"line":381,"column":2},"end":{"line":389,"column":3}},{"start":{},"end":{}}],"line":381},"45":{"loc":{"start":{"line":381,"column":6},"end":{"line":381,"column":57}},"type":"binary-expr","locations":[{"start":{"line":381,"column":6},"end":{"line":381,"column":29}},{"start":{"line":381,"column":33},"end":{"line":381,"column":57}}],"line":381},"46":{"loc":{"start":{"line":383,"column":7},"end":{"line":383,"column":30}},"type":"binary-expr","locations":[{"start":{"line":383,"column":7},"end":{"line":383,"column":24}},{"start":{"line":383,"column":28},"end":{"line":383,"column":30}}],"line":383},"47":{"loc":{"start":{"line":384,"column":14},"end":{"line":384,"column":33}},"type":"binary-expr","locations":[{"start":{"line":384,"column":14},"end":{"line":384,"column":27}},{"start":{"line":384,"column":31},"end":{"line":384,"column":33}}],"line":384},"48":{"loc":{"start":{"line":385,"column":21},"end":{"line":385,"column":47}},"type":"binary-expr","locations":[{"start":{"line":385,"column":21},"end":{"line":385,"column":41}},{"start":{"line":385,"column":45},"end":{"line":385,"column":47}}],"line":385},"49":{"loc":{"start":{"line":388,"column":18},"end":{"line":388,"column":52}},"type":"binary-expr","locations":[{"start":{"line":388,"column":18},"end":{"line":388,"column":24}},{"start":{"line":388,"column":28},"end":{"line":388,"column":52}}],"line":388},"50":{"loc":{"start":{"line":413,"column":50},"end":{"line":413,"column":78}},"type":"default-arg","locations":[{"start":{"line":413,"column":63},"end":{"line":413,"column":78}}],"line":413},"51":{"loc":{"start":{"line":416,"column":2},"end":{"line":418,"column":3}},"type":"if","locations":[{"start":{"line":416,"column":2},"end":{"line":418,"column":3}},{"start":{},"end":{}}],"line":416},"52":{"loc":{"start":{"line":427,"column":35},"end":{"line":427,"column":79}},"type":"default-arg","locations":[{"start":{"line":427,"column":48},"end":{"line":427,"column":79}}],"line":427},"53":{"loc":{"start":{"line":429,"column":2},"end":{"line":431,"column":3}},"type":"if","locations":[{"start":{"line":429,"column":2},"end":{"line":431,"column":3}},{"start":{},"end":{}}],"line":429},"54":{"loc":{"start":{"line":430,"column":17},"end":{"line":430,"column":88}},"type":"cond-expr","locations":[{"start":{"line":430,"column":30},"end":{"line":430,"column":54}},{"start":{"line":430,"column":57},"end":{"line":430,"column":88}}],"line":430}},"s":{"0":3,"1":3,"2":3,"3":3,"4":3,"5":0,"6":0,"7":0,"8":0,"9":0,"10":0,"11":0,"12":0,"13":3,"14":0,"15":0,"16":3,"17":4,"18":4,"19":4,"20":8,"21":8,"22":0,"23":3,"24":1,"25":1,"26":1,"27":1,"28":1,"29":0,"30":1,"31":1,"32":1,"33":1,"34":1,"35":1,"36":1,"37":1,"38":0,"39":0,"40":0,"41":0,"42":1,"43":0,"44":0,"45":1,"46":0,"47":0,"48":1,"49":1,"50":0,"51":0,"52":0,"53":0,"54":0,"55":1,"56":1,"57":3,"58":0,"59":0,"60":0,"61":0,"62":0,"63":0,"64":0,"65":0,"66":0,"67":0,"68":0,"69":0,"70":0,"71":0,"72":0,"73":0,"74":0,"75":0,"76":0,"77":3,"78":0,"79":0,"80":0,"81":0,"82":0,"83":0,"84":0,"85":0,"86":0,"87":0,"88":0,"89":0,"90":0,"91":0,"92":0,"93":0,"94":0,"95":0,"96":0,"97":3,"98":0,"99":0,"100":0,"101":0,"102":0,"103":0,"104":0,"105":0,"106":0,"107":0,"108":0,"109":0,"110":0,"111":0,"112":0,"113":0,"114":0,"115":0,"116":0,"117":3,"118":11,"119":11,"120":2,"121":9,"122":1,"123":1,"124":3,"125":3,"126":1,"127":1,"128":1,"129":1,"130":1,"131":1,"132":1,"133":1,"134":1,"135":1,"136":9,"137":9,"138":3,"139":2,"140":2,"141":2,"142":2,"143":14,"144":2,"145":0,"146":3,"147":2,"148":2,"149":2,"150":2,"151":2,"152":0,"153":3,"154":4,"155":3,"156":3,"157":3,"158":3,"159":3,"160":2,"161":1,"162":3,"163":3,"164":1,"165":3},"f":{"0":0,"1":0,"2":0,"3":0,"4":4,"5":4,"6":8,"7":8,"8":1,"9":0,"10":0,"11":0,"12":0,"13":0,"14":0,"15":0,"16":0,"17":0,"18":0,"19":0,"20":11,"21":2,"22":2,"23":2,"24":14,"25":2,"26":2,"27":2,"28":2,"29":2,"30":4,"31":3,"32":3,"33":3},"b":{"0":[0,0],"1":[0,0],"2":[4,0],"3":[4,4],"4":[4,0],"5":[8,0],"6":[8,0],"7":[8,8],"8":[0,0],"9":[0,1],"10":[0,0,0],"11":[0,1],"12":[0,0],"13":[1,0],"14":[1,0],"15":[0,0],"16":[1,0],"17":[0,0],"18":[0,0],"19":[0,0],"20":[0,0],"21":[0,0],"22":[0],"23":[0,0],"24":[0,0],"25":[0,0],"26":[0,0],"27":[0,0],"28":[0,0],"29":[0,0],"30":[0,0],"31":[0,0],"32":[0,0],"33":[0,0],"34":[11],"35":[2,9],"36":[9,3,1,1,1,1,1],"37":[2,0],"38":[2,2],"39":[2,0],"40":[2,0],"41":[2,0],"42":[2,0],"43":[2,2],"44":[2,0],"45":[2,2],"46":[2,0],"47":[2,0],"48":[2,2],"49":[2,2],"50":[3],"51":[2,1],"52":[3],"53":[1,2],"54":[1,0]},"meta":{"lastBranch":55,"lastFunction":34,"lastStatement":166,"seen":{"s:15:33:22:1":0,"s:25:28:51:1":1,"s:54:38:58:1":2,"s:61:32:79:1":3,"s:86:27:98:1":4,"f:86:27:86:28":0,"s:87:17:87:19":5,"s:88:19:95:3":6,"f:88:19:88:20":1,"s:89:4:94:5":7,"s:90:6:90:24":8,"b:91:6:93:7:undefined:undefined:undefined:undefined":0,"s:91:6:93:7":9,"s:92:8:92:32":10,"s:96:2:96:17":11,"s:97:2:97:16":12,"s:105:28:107:1":13,"f:105:28:105:29":2,"s:106:2:106:76":14,"b:106:9:106:67:106:71:106:75":1,"f:106:44:106:48":3,"s:106:52:106:66":15,"s:113:39:125:1":16,"f:113:39:113:44":4,"b:115:2:123:3:undefined:undefined:undefined:undefined":2,"s:115:2:123:3":17,"b:115:6:115:29:115:33:115:57":3,"s:116:4:122:54":18,"f:116:44:116:51":5,"s:117:6:121:9":19,"b:117:7:117:24:117:28:117:30":4,"f:117:36:117:37":6,"s:117:58:121:7":20,"b:118:14:118:27:118:31:118:33":5,"b:119:21:119:41:119:45:119:47":6,"f:122:13:122:14":7,"s:122:18:122:52":21,"b:122:18:122:24:122:28:122:52":7,"s:124:2:124:34":22,"s:132:34:207:1":23,"f:132:34:132:39":8,"s:134:21:134:42":24,"s:135:18:135:22":25,"s:137:2:206:3":26,"s:139:24:139:66":27,"s:142:4:142:60":28,"f:142:27:142:28":9,"s:142:33:142:51":29,"s:144:4:144:64":30,"s:146:21:148:6":31,"s:151:24:151:60":32,"s:152:27:152:42":33,"s:153:31:153:50":34,"s:155:4:161:7":35,"s:165:4:177:5":36,"s:166:6:166:35":37,"s:169:27:169:72":38,"f:169:55:169:56":10,"s:169:61:169:71":39,"s:170:6:175:9":40,"b:173:84:173:89:173:92:173:94":8,"s:176:6:176:134":41,"b:179:4:185:5:undefined:undefined:undefined:undefined":9,"s:179:4:185:5":42,"s:180:6:183:9":43,"s:184:6:184:94":44,"b:184:22:184:34:184:38:184:48:184:52:184:92":10,"b:187:4:190:5:undefined:undefined:undefined:undefined":11,"s:187:4:190:5":45,"s:188:6:188:53":46,"s:189:6:189:50":47,"b:189:22:189:34:189:38:189:48":12,"s:192:4:192:94":48,"b:192:40:192:62:192:66:192:67":13,"s:193:4:193:32":49,"b:193:11:193:25:193:29:193:31":14,"b:195:4:198:5:undefined:undefined:undefined:undefined":15,"s:195:4:198:5":50,"s:196:6:196:50":51,"s:197:6:197:38":52,"s:199:4:199:61":53,"s:200:4:200:16":54,"b:203:4:205:5:undefined:undefined:undefined:undefined":16,"s:203:4:205:5":55,"s:204:6:204:30":56,"s:213:31:239:1":57,"f:213:31:213:36":11,"s:214:21:214:42":58,"s:215:18:215:22":59,"s:217:2:238:3":60,"s:218:24:218:78":61,"s:219:4:219:60":62,"f:219:27:219:28":12,"s:219:33:219:51":63,"s:221:21:221:76":64,"b:223:4:226:5:undefined:undefined:undefined:undefined":17,"s:223:4:226:5":65,"s:224:24:224:63":66,"f:224:52:224:53":13,"s:224:59:224:61":67,"s:225:6:225:83":68,"b:225:22:225:37:225:41:225:81":18,"s:228:17:228:38":69,"s:229:4:229:27":70,"b:229:11:229:20:229:24:229:26":19,"b:231:4:233:5:undefined:undefined:undefined:undefined":20,"s:231:4:233:5":71,"s:232:6:232:38":72,"s:234:4:234:58":73,"s:235:4:235:16":74,"b:237:4:237:52:undefined:undefined:undefined:undefined":21,"s:237:4:237:52":75,"s:237:28:237:52":76,"s:246:35:274:1":77,"f:246:35:246:40":14,"b:246:50:246:54":22,"s:247:21:247:42":78,"s:248:18:248:22":79,"s:250:2:273:3":80,"s:251:24:253:50":81,"b:252:8:252:66:253:8:253:50":23,"s:254:4:254:60":82,"f:254:27:254:28":15,"s:254:33:254:51":83,"s:256:21:256:76":84,"b:258:4:261:5:undefined:undefined:undefined:undefined":24,"s:258:4:261:5":85,"s:259:24:259:63":86,"f:259:52:259:53":16,"s:259:59:259:61":87,"s:260:6:260:83":88,"b:260:22:260:37:260:41:260:81":25,"s:263:17:263:38":89,"s:264:4:264:31":90,"b:264:11:264:24:264:28:264:30":26,"b:266:4:268:5:undefined:undefined:undefined:undefined":27,"s:266:4:268:5":91,"s:267:6:267:38":92,"s:269:4:269:62":93,"s:270:4:270:16":94,"b:272:4:272:52:undefined:undefined:undefined:undefined":28,"s:272:4:272:52":95,"s:272:28:272:52":96,"s:281:36:307:1":97,"f:281:36:281:41":17,"s:282:21:282:42":98,"s:283:18:283:22":99,"s:285:2:306:3":100,"s:286:24:286:107":101,"s:287:4:287:60":102,"f:287:27:287:28":18,"s:287:33:287:51":103,"s:289:21:289:76":104,"b:291:4:294:5:undefined:undefined:undefined:undefined":29,"s:291:4:294:5":105,"s:292:24:292:63":106,"f:292:52:292:53":19,"s:292:59:292:61":107,"s:293:6:293:83":108,"b:293:22:293:37:293:41:293:81":30,"s:296:17:296:38":109,"s:297:4:297:32":110,"b:297:11:297:25:297:29:297:31":31,"b:299:4:301:5:undefined:undefined:undefined:undefined":32,"s:299:4:301:5":111,"s:300:6:300:38":112,"s:302:4:302:63":113,"s:303:4:303:16":114,"b:305:4:305:52:undefined:undefined:undefined:undefined":33,"s:305:4:305:52":115,"s:305:28:305:52":116,"s:314:36:351:1":117,"f:314:36:314:41":20,"b:314:60:314:91":34,"s:316:21:316:87":118,"b:317:2:319:3:undefined:undefined:undefined:undefined":35,"s:317:2:319:3":119,"s:318:4:318:22":120,"b:323:4:325:12:326:4:328:12:329:4:331:12:332:4:334:12:335:4:337:12:338:4:342:12:343:4:345:12":36,"s:322:2:346:3":121,"s:324:6:324:40":122,"s:325:6:325:12":123,"s:327:6:327:45":124,"s:328:6:328:12":125,"s:330:6:330:45":126,"s:331:6:331:12":127,"s:333:6:333:45":128,"s:334:6:334:12":129,"s:336:6:336:32":130,"s:337:6:337:12":131,"s:341:6:341:16":132,"s:342:6:342:12":133,"s:344:6:344:45":134,"s:345:6:345:12":135,"s:349:2:349:76":136,"s:350:2:350:14":137,"s:361:39:377:1":138,"f:361:39:361:44":21,"b:363:2:375:3:undefined:undefined:undefined:undefined":37,"s:363:2:375:3":139,"b:363:6:363:29:363:33:363:57":38,"s:364:4:374:54":140,"f:364:44:364:51":22,"s:365:6:373:9":141,"b:365:7:365:24:365:28:365:30":39,"f:365:36:365:37":23,"s:365:58:373:7":142,"b:366:14:366:27:366:31:366:39":40,"b:367:21:367:41:367:45:367:47":41,"b:369:16:369:29:369:33:369:41":42,"f:369:60:369:64":24,"s:369:69:372:9":143,"f:374:13:374:14":25,"s:374:18:374:52":144,"b:374:18:374:24:374:28:374:52":43,"s:376:2:376:34":145,"s:379:39:391:1":146,"f:379:39:379:44":26,"b:381:2:389:3:undefined:undefined:undefined:undefined":44,"s:381:2:389:3":147,"b:381:6:381:29:381:33:381:57":45,"s:382:4:388:54":148,"f:382:44:382:51":27,"s:383:6:387:9":149,"b:383:7:383:24:383:28:383:30":46,"f:383:36:383:37":28,"s:383:58:387:7":150,"b:384:14:384:27:384:31:384:33":47,"b:385:21:385:41:385:45:385:47":48,"f:388:13:388:14":29,"s:388:18:388:52":151,"b:388:18:388:24:388:28:388:52":49,"s:390:2:390:34":152,"s:397:33:406:1":153,"f:397:33:397:34":30,"s:398:2:405:4":154,"s:413:43:420:1":155,"f:413:43:413:48":31,"b:413:63:413:78":50,"s:414:20:414:39":156,"s:415:19:415:59":157,"f:415:34:415:35":32,"s:415:39:415:58":158,"b:416:2:418:3:undefined:undefined:undefined:undefined":51,"s:416:2:418:3":159,"s:417:4:417:42":160,"s:419:2:419:29":161,"s:427:28:434:1":162,"f:427:28:427:33":33,"b:427:48:427:79":52,"b:429:2:431:3:undefined:undefined:undefined:undefined":53,"s:429:2:431:3":163,"s:430:4:430:89":164,"b:430:30:430:54:430:57:430:88":54,"s:433:2:433:48":165}}}
,"D:\\code\\sentences-dictation\\src\\services\\pronunciationService.js": {"path":"D:\\code\\sentences-dictation\\src\\services\\pronunciationService.js","statementMap":{"0":{"start":{"line":12,"column":29},"end":{"line":55,"column":1}},"1":{"start":{"line":13,"column":2},"end":{"line":13,"column":33}},"2":{"start":{"line":13,"column":21},"end":{"line":13,"column":33}},"3":{"start":{"line":15,"column":20},"end":{"line":15,"column":38}},"4":{"start":{"line":16,"column":24},"end":{"line":16,"column":25}},"5":{"start":{"line":17,"column":20},"end":{"line":17,"column":36}},"6":{"start":{"line":20,"column":2},"end":{"line":22,"column":3}},"7":{"start":{"line":21,"column":4},"end":{"line":21,"column":16}},"8":{"start":{"line":25,"column":2},"end":{"line":52,"column":3}},"9":{"start":{"line":25,"column":15},"end":{"line":25,"column":40}},"10":{"start":{"line":26,"column":18},"end":{"line":26,"column":43}},"11":{"start":{"line":27,"column":18},"end":{"line":27,"column":40}},"12":{"start":{"line":29,"column":22},"end":{"line":29,"column":39}},"13":{"start":{"line":30,"column":22},"end":{"line":30,"column":39}},"14":{"start":{"line":32,"column":4},"end":{"line":35,"column":5}},"15":{"start":{"line":34,"column":6},"end":{"line":34,"column":41}},"16":{"start":{"line":38,"column":4},"end":{"line":43,"column":5}},"17":{"start":{"line":39,"column":27},"end":{"line":39,"column":68}},"18":{"start":{"line":40,"column":6},"end":{"line":42,"column":7}},"19":{"start":{"line":41,"column":8},"end":{"line":41,"column":46}},"20":{"start":{"line":46,"column":4},"end":{"line":51,"column":5}},"21":{"start":{"line":47,"column":27},"end":{"line":47,"column":68}},"22":{"start":{"line":48,"column":6},"end":{"line":50,"column":7}},"23":{"start":{"line":49,"column":8},"end":{"line":49,"column":46}},"24":{"start":{"line":54,"column":2},"end":{"line":54,"column":14}},"25":{"start":{"line":62,"column":27},"end":{"line":106,"column":1}},"26":{"start":{"line":64,"column":20},"end":{"line":64,"column":38}},"27":{"start":{"line":67,"column":19},"end":{"line":67,"column":40}},"28":{"start":{"line":69,"column":2},"end":{"line":71,"column":3}},"29":{"start":{"line":70,"column":4},"end":{"line":70,"column":20}},"30":{"start":{"line":74,"column":2},"end":{"line":85,"column":3}},"31":{"start":{"line":75,"column":25},"end":{"line":75,"column":51}},"32":{"start":{"line":76,"column":18},"end":{"line":76,"column":41}},"33":{"start":{"line":79,"column":22},"end":{"line":79,"column":66}},"34":{"start":{"line":79,"column":37},"end":{"line":79,"column":50}},"35":{"start":{"line":79,"column":64},"end":{"line":79,"column":65}},"36":{"start":{"line":81,"column":4},"end":{"line":84,"column":5}},"37":{"start":{"line":83,"column":6},"end":{"line":83,"column":33}},"38":{"start":{"line":88,"column":2},"end":{"line":94,"column":3}},"39":{"start":{"line":89,"column":18},"end":{"line":89,"column":38}},"40":{"start":{"line":90,"column":22},"end":{"line":90,"column":80}},"41":{"start":{"line":90,"column":40},"end":{"line":90,"column":64}},"42":{"start":{"line":90,"column":78},"end":{"line":90,"column":79}},"43":{"start":{"line":91,"column":4},"end":{"line":93,"column":5}},"44":{"start":{"line":92,"column":6},"end":{"line":92,"column":33}},"45":{"start":{"line":98,"column":2},"end":{"line":103,"column":3}},"46":{"start":{"line":99,"column":27},"end":{"line":99,"column":58}},"47":{"start":{"line":100,"column":4},"end":{"line":102,"column":5}},"48":{"start":{"line":101,"column":6},"end":{"line":101,"column":28}},"49":{"start":{"line":105,"column":2},"end":{"line":105,"column":14}},"50":{"start":{"line":113,"column":30},"end":{"line":159,"column":1}},"51":{"start":{"line":114,"column":2},"end":{"line":114,"column":26}},"52":{"start":{"line":114,"column":16},"end":{"line":114,"column":26}},"53":{"start":{"line":118,"column":2},"end":{"line":158,"column":25}},"54":{"start":{"line":171,"column":43},"end":{"line":208,"column":1}},"55":{"start":{"line":173,"column":2},"end":{"line":176,"column":3}},"56":{"start":{"line":174,"column":4},"end":{"line":174,"column":100}},"57":{"start":{"line":175,"column":4},"end":{"line":175,"column":14}},"58":{"start":{"line":178,"column":16},"end":{"line":181,"column":36}},"59":{"start":{"line":181,"column":20},"end":{"line":181,"column":35}},"60":{"start":{"line":184,"column":17},"end":{"line":184,"column":19}},"61":{"start":{"line":185,"column":2},"end":{"line":205,"column":3}},"62":{"start":{"line":186,"column":22},"end":{"line":186,"column":40}},"63":{"start":{"line":187,"column":4},"end":{"line":204,"column":5}},"64":{"start":{"line":189,"column":28},"end":{"line":189,"column":65}},"65":{"start":{"line":190,"column":6},"end":{"line":196,"column":9}},"66":{"start":{"line":191,"column":8},"end":{"line":195,"column":11}},"67":{"start":{"line":199,"column":6},"end":{"line":203,"column":9}},"68":{"start":{"line":207,"column":2},"end":{"line":207,"column":16}},"69":{"start":{"line":215,"column":41},"end":{"line":229,"column":1}},"70":{"start":{"line":217,"column":32},"end":{"line":217,"column":69}},"71":{"start":{"line":220,"column":2},"end":{"line":228,"column":5}},"72":{"start":{"line":221,"column":21},"end":{"line":221,"column":51}},"73":{"start":{"line":222,"column":4},"end":{"line":227,"column":6}}},"fnMap":{"0":{"name":"(anonymous_0)","decl":{"start":{"line":12,"column":29},"end":{"line":12,"column":30}},"loc":{"start":{"line":12,"column":53},"end":{"line":55,"column":1}},"line":12},"1":{"name":"(anonymous_1)","decl":{"start":{"line":62,"column":27},"end":{"line":62,"column":28}},"loc":{"start":{"line":62,"column":37},"end":{"line":106,"column":1}},"line":62},"2":{"name":"(anonymous_2)","decl":{"start":{"line":79,"column":32},"end":{"line":79,"column":33}},"loc":{"start":{"line":79,"column":37},"end":{"line":79,"column":50}},"line":79},"3":{"name":"(anonymous_3)","decl":{"start":{"line":79,"column":59},"end":{"line":79,"column":60}},"loc":{"start":{"line":79,"column":64},"end":{"line":79,"column":65}},"line":79},"4":{"name":"(anonymous_4)","decl":{"start":{"line":90,"column":32},"end":{"line":90,"column":36}},"loc":{"start":{"line":90,"column":40},"end":{"line":90,"column":64}},"line":90},"5":{"name":"(anonymous_5)","decl":{"start":{"line":90,"column":73},"end":{"line":90,"column":74}},"loc":{"start":{"line":90,"column":78},"end":{"line":90,"column":79}},"line":90},"6":{"name":"(anonymous_6)","decl":{"start":{"line":113,"column":30},"end":{"line":113,"column":31}},"loc":{"start":{"line":113,"column":43},"end":{"line":159,"column":1}},"line":113},"7":{"name":"(anonymous_7)","decl":{"start":{"line":171,"column":43},"end":{"line":171,"column":44}},"loc":{"start":{"line":171,"column":57},"end":{"line":208,"column":1}},"line":171},"8":{"name":"(anonymous_8)","decl":{"start":{"line":181,"column":12},"end":{"line":181,"column":16}},"loc":{"start":{"line":181,"column":20},"end":{"line":181,"column":35}},"line":181},"9":{"name":"(anonymous_9)","decl":{"start":{"line":190,"column":28},"end":{"line":190,"column":40}},"loc":{"start":{"line":190,"column":44},"end":{"line":196,"column":7}},"line":190},"10":{"name":"(anonymous_10)","decl":{"start":{"line":215,"column":41},"end":{"line":215,"column":42}},"loc":{"start":{"line":215,"column":55},"end":{"line":229,"column":1}},"line":215},"11":{"name":"(anonymous_11)","decl":{"start":{"line":220,"column":35},"end":{"line":220,"column":43}},"loc":{"start":{"line":220,"column":47},"end":{"line":228,"column":3}},"line":220}},"branchMap":{"0":{"loc":{"start":{"line":12,"column":36},"end":{"line":12,"column":48}},"type":"default-arg","locations":[{"start":{"line":12,"column":47},"end":{"line":12,"column":48}}],"line":12},"1":{"loc":{"start":{"line":13,"column":2},"end":{"line":13,"column":33}},"type":"if","locations":[{"start":{"line":13,"column":2},"end":{"line":13,"column":33}},{"start":{},"end":{}}],"line":13},"2":{"loc":{"start":{"line":20,"column":2},"end":{"line":22,"column":3}},"type":"if","locations":[{"start":{"line":20,"column":2},"end":{"line":22,"column":3}},{"start":{},"end":{}}],"line":20},"3":{"loc":{"start":{"line":32,"column":4},"end":{"line":35,"column":5}},"type":"if","locations":[{"start":{"line":32,"column":4},"end":{"line":35,"column":5}},{"start":{},"end":{}}],"line":32},"4":{"loc":{"start":{"line":32,"column":8},"end":{"line":32,"column":30}},"type":"binary-expr","locations":[{"start":{"line":32,"column":8},"end":{"line":32,"column":17}},{"start":{"line":32,"column":21},"end":{"line":32,"column":30}}],"line":32},"5":{"loc":{"start":{"line":38,"column":4},"end":{"line":43,"column":5}},"type":"if","locations":[{"start":{"line":38,"column":4},"end":{"line":43,"column":5}},{"start":{},"end":{}}],"line":38},"6":{"loc":{"start":{"line":38,"column":8},"end":{"line":38,"column":54}},"type":"binary-expr","locations":[{"start":{"line":38,"column":8},"end":{"line":38,"column":17}},{"start":{"line":38,"column":21},"end":{"line":38,"column":54}}],"line":38},"7":{"loc":{"start":{"line":40,"column":6},"end":{"line":42,"column":7}},"type":"if","locations":[{"start":{"line":40,"column":6},"end":{"line":42,"column":7}},{"start":{},"end":{}}],"line":40},"8":{"loc":{"start":{"line":46,"column":4},"end":{"line":51,"column":5}},"type":"if","locations":[{"start":{"line":46,"column":4},"end":{"line":51,"column":5}},{"start":{},"end":{}}],"line":46},"9":{"loc":{"start":{"line":46,"column":8},"end":{"line":46,"column":54}},"type":"binary-expr","locations":[{"start":{"line":46,"column":8},"end":{"line":46,"column":17}},{"start":{"line":46,"column":21},"end":{"line":46,"column":54}}],"line":46},"10":{"loc":{"start":{"line":48,"column":6},"end":{"line":50,"column":7}},"type":"if","locations":[{"start":{"line":48,"column":6},"end":{"line":50,"column":7}},{"start":{},"end":{}}],"line":48},"11":{"loc":{"start":{"line":69,"column":2},"end":{"line":71,"column":3}},"type":"if","locations":[{"start":{"line":69,"column":2},"end":{"line":71,"column":3}},{"start":{},"end":{}}],"line":69},"12":{"loc":{"start":{"line":74,"column":2},"end":{"line":85,"column":3}},"type":"if","locations":[{"start":{"line":74,"column":2},"end":{"line":85,"column":3}},{"start":{},"end":{}}],"line":74},"13":{"loc":{"start":{"line":81,"column":4},"end":{"line":84,"column":5}},"type":"if","locations":[{"start":{"line":81,"column":4},"end":{"line":84,"column":5}},{"start":{},"end":{}}],"line":81},"14":{"loc":{"start":{"line":88,"column":2},"end":{"line":94,"column":3}},"type":"if","locations":[{"start":{"line":88,"column":2},"end":{"line":94,"column":3}},{"start":{},"end":{}}],"line":88},"15":{"loc":{"start":{"line":90,"column":40},"end":{"line":90,"column":64}},"type":"binary-expr","locations":[{"start":{"line":90,"column":40},"end":{"line":90,"column":44}},{"start":{"line":90,"column":48},"end":{"line":90,"column":64}}],"line":90},"16":{"loc":{"start":{"line":91,"column":4},"end":{"line":93,"column":5}},"type":"if","locations":[{"start":{"line":91,"column":4},"end":{"line":93,"column":5}},{"start":{},"end":{}}],"line":91},"17":{"loc":{"start":{"line":98,"column":2},"end":{"line":103,"column":3}},"type":"if","locations":[{"start":{"line":98,"column":2},"end":{"line":103,"column":3}},{"start":{},"end":{}}],"line":98},"18":{"loc":{"start":{"line":100,"column":4},"end":{"line":102,"column":5}},"type":"if","locations":[{"start":{"line":100,"column":4},"end":{"line":102,"column":5}},{"start":{},"end":{}}],"line":100},"19":{"loc":{"start":{"line":114,"column":2},"end":{"line":114,"column":26}},"type":"if","locations":[{"start":{"line":114,"column":2},"end":{"line":114,"column":26}},{"start":{},"end":{}}],"line":114},
[...]
olumn":7}},"type":"if","locations":[{"start":{"line":63,"column":6},"end":{"line":66,"column":7}},{"start":{},"end":{}}],"line":63},"11":{"loc":{"start":{"line":94,"column":2},"end":{"line":96,"column":3}},"type":"if","locations":[{"start":{"line":94,"column":2},"end":{"line":96,"column":3}},{"start":{},"end":{}}],"line":94},"12":{"loc":{"start":{"line":110,"column":44},"end":{"line":110,"column":54}},"type":"default-arg","locations":[{"start":{"line":110,"column":51},"end":{"line":110,"column":54}}],"line":110},"13":{"loc":{"start":{"line":110,"column":56},"end":{"line":110,"column":73}},"type":"default-arg","locations":[{"start":{"line":110,"column":69},"end":{"line":110,"column":73}}],"line":110},"14":{"loc":{"start":{"line":111,"column":2},"end":{"line":113,"column":3}},"type":"if","locations":[{"start":{"line":111,"column":2},"end":{"line":113,"column":3}},{"start":{},"end":{}}],"line":111}},"s":{"0":1,"1":0,"2":1,"3":1,"4":0,"5":1,"6":1,"7":0,"8":1,"9":1,"10":1,"11":1,"12":1,"13":1,"14":1,"15":1,"16":0,"17":1,"18":1,"19":1,"20":1,"21":0,"22":0,"23":0,"24":0,"25":0,"26":1,"27":1,"28":1,"29":1,"30":1,"31":1,"32":0,"33":0,"34":1,"35":0,"36":0,"37":0,"38":0,"39":1,"40":0,"41":1,"42":0,"43":0},"f":{"0":0,"1":1,"2":1,"3":1,"4":0,"5":1,"6":0,"7":0,"8":0},"b":{"0":[0,0],"1":[1],"2":[0,1],"3":[0,1],"4":[1,0],"5":[1,1,1],"6":[0,0],"7":[1],"8":[1],"9":[0,1],"10":[0,0],"11":[0,0],"12":[0],"13":[0],"14":[0,0]},"meta":{"lastBranch":15,"lastFunction":9,"lastStatement":44,"seen":{"s:15:33:17:1":0,"f:15:33:15:34":0,"s:16:2:16:61":1,"b:16:8:16:29:16:33:16:60":0,"s:25:31:50:1":2,"f:25:31:25:32":1,"b:25:45:25:48":1,"b:26:2:28:3:undefined:undefined:undefined:undefined":2,"s:26:2:28:3":3,"s:27:4:27:56":4,"s:30:29:30:60":5,"b:31:2:33:3:undefined:undefined:undefined:undefined":3,"s:31:2:33:3":6,"s:32:4:32:65":7,"s:35:20:35:42":8,"s:36:20:36:48":9,"s:38:20:38:89":10,"b:38:79:38:83:38:86:38:89":4,"b:38:21:38:45:38:49:38:63:38:67:38:75":5,"s:39:2:39:29":11,"s:41:2:49:5":12,"f:41:21:41:22":2,"s:42:4:42:38":13,"f:42:22:42:23":3,"s:42:28:42:37":14,"s:43:4:45:6":15,"f:43:24:43:25":4,"s:44:6:44:66":16,"b:44:23:44:35:44:39:44:63":6,"s:47:4:47:23":17,"s:48:4:48:31":18,"s:59:21:86:1":19,"f:59:21:59:26":5,"b:59:41:59:44":7,"b:59:59:59:63":8,"b:61:2:70:3:undefined:undefined:undefined:undefined":9,"s:61:2:70:3":20,"s:62:4:69:5":21,"b:63:6:66:7:undefined:undefined:undefined:undefined":10,"s:63:6:66:7":22,"s:64:8:64:41":23,"s:65:8:65:15":24,"s:68:6:68:75":25,"s:73:2:85:3":26,"s:74:4:74:32":27,"s:76:4:76:87":28,"s:78:4:84:5":29,"s:79:6:79:47":30,"s:80:6:80:13":31,"s:82:6:82:88":32,"s:83:6:83:18":33,"s:91:28:97:1":34,"f:91:28:91:29":6,"s:92:1:92:26":35,"s:93:1:93:21":36,"b:94:2:96:3:undefined:undefined:undefined:undefined":11,"s:94:2:96:3":37,"s:95:4:95:36":38,"s:102:29:102:40":39,"f:102:29:102:30":7,"s:102:35:102:40":40,"s:110:31:114:1":41,"f:110:31:110:36":8,"b:110:51:110:54":12,"b:110:69:110:73":13,"b:111:2:113:3:undefined:undefined:undefined:undefined":14,"s:111:2:113:3":42,"s:112:4:112:35":43}}}
,"D:\\code\\sentences-dictation\\src\\utils\\contractionMap.js": {"path":"D:\\code\\sentences-dictation\\src\\utils\\contractionMap.js","statementMap":{"0":{"start":{"line":7,"column":31},"end":{"line":58,"column":1}},"1":{"start":{"line":66,"column":20},"end":{"line":66,"column":38}},"2":{"start":{"line":67,"column":19},"end":{"line":67,"column":45}},"3":{"start":{"line":68,"column":2},"end":{"line":68,"column":null}},"4":{"start":{"line":77,"column":2},"end":{"line":77,"column":null}}},"fnMap":{"0":{"name":"expandContraction","decl":{"start":{"line":65,"column":16},"end":{"line":65,"column":33}},"loc":{"start":{"line":65,"column":40},"end":{"line":69,"column":null}},"line":65},"1":{"name":"isContraction","decl":{"start":{"line":76,"column":16},"end":{"line":76,"column":29}},"loc":{"start":{"line":76,"column":36},"end":{"line":78,"column":null}},"line":76}},"branchMap":{"0":{"loc":{"start":{"line":68,"column":9},"end":{"line":68,"column":25}},"type":"binary-expr","locations":[{"start":{"line":68,"column":9},"end":{"line":68,"column":17}},{"start":{"line":68,"column":21},"end":{"line":68,"column":25}}],"line":68}},"s":{"0":1,"1":7,"2":7,"3":7,"4":7},"f":{"0":7,"1":7},"b":{"0":[7,4]},"meta":{"lastBranch":1,"lastFunction":2,"lastStatement":5,"seen":{"s:7:31:58:1":0,"f:65:16:65:33":0,"s:66:20:66:38":1,"s:67:19:67:45":2,"s:68:2:68:Infinity":3,"b:68:9:68:17:68:21:68:25":0,"f:76:16:76:29":1,"s:77:2:77:Infinity":4}}}
,"D:\\code\\sentences-dictation\\src\\utils\\debounce.js": {"path":"D:\\code\\sentences-dictation\\src\\utils\\debounce.js","statementMap":{"0":{"start":{"line":9,"column":14},"end":{"line":9,"column":18}},"1":{"start":{"line":11,"column":2},"end":{"line":21,"column":null}},"2":{"start":{"line":13,"column":4},"end":{"line":15,"column":null}},"3":{"start":{"line":14,"column":6},"end":{"line":14,"column":null}},"4":{"start":{"line":18,"column":4},"end":{"line":20,"column":null}},"5":{"start":{"line":19,"column":6},"end":{"line":19,"column":null}},"6":{"start":{"line":31,"column":17},"end":{"line":31,"column":18}},"7":{"start":{"line":33,"column":2},"end":{"line":40,"column":null}},"8":{"start":{"line":34,"column":16},"end":{"line":34,"column":26}},"9":{"start":{"line":36,"column":4},"end":{"line":39,"column":null}},"10":{"start":{"line":37,"column":6},"end":{"line":37,"column":null}},"11":{"start":{"line":38,"column":6},"end":{"line":38,"column":null}}},"fnMap":{"0":{"name":"debounce","decl":{"start":{"line":8,"column":16},"end":{"line":8,"column":24}},"loc":{"start":{"line":8,"column":42},"end":{"line":22,"column":null}},"line":8},"1":{"name":"(anonymous_1)","decl":{"start":{"line":11,"column":9},"end":{"line":11,"column":17}},"loc":{"start":{"line":11,"column":27},"end":{"line":21,"column":3}},"line":11},"2":{"name":"(anonymous_2)","decl":{"start":{"line":18,"column":23},"end":{"line":18,"column":24}},"loc":{"start":{"line":18,"column":29},"end":{"line":20,"column":5}},"line":18},"3":{"name":"throttle","decl":{"start":{"line":30,"column":16},"end":{"line":30,"column":24}},"loc":{"start":{"line":30,"column":45},"end":{"line":41,"column":null}},"line":30},"4":{"name":"(anonymous_4)","decl":{"start":{"line":33,"column":9},"end":{"line":33,"column":17}},"loc":{"start":{"line":33,"column":27},"end":{"line":40,"column":3}},"line":33}},"branchMap":{"0":{"loc":{"start":{"line":8,"column":29},"end":{"line":8,"column":40}},"type":"default-arg","locations":[{"start":{"line":8,"column":37},"end":{"line":8,"column":40}}],"line":8},"1":{"loc":{"start":{"line":13,"column":4},"end":{"line":15,"column":null}},"type":"if","locations":[{"start":{"line":13,"column":4},"end":{"line":15,"column":null}},{"start":{},"end":{}}],"line":13},"2":{"loc":{"start":{"line":30,"column":29},"end":{"line":30,"column":43}},"type":"default-arg","locations":[{"start":{"line":30,"column":40},"end":{"line":30,"column":43}}],"line":30},"3":{"loc":{"start":{"line":36,"column":4},"end":{"line":39,"column":null}},"type":"if","locations":[{"start":{"line":36,"column":4},"end":{"line":39,"column":null}},{"start":{},"end":{}}],"line":36}},"s":{"0":4,"1":4,"2":5,"3":1,"4":5,"5":4,"6":2,"7":2,"8":4,"9":4,"10":3,"11":3},"f":{"0":4,"1":5,"2":4,"3":2,"4":4},"b":{"0":[4],"1":[1,4],"2":[2],"3":[3,1]},"meta":{"lastBranch":4,"lastFunction":5,"lastStatement":12,"seen":{"f:8:16:8:24":0,"b:8:37:8:40":0,"s:9:14:9:18":0,"s:11:2:21:Infinity":1,"f:11:9:11:17":1,"b:13:4:15:Infinity:undefined:undefined:undefined:undefined":1,"s:13:4:15:Infinity":2,"s:14:6:14:Infinity":3,"s:18:4:20:Infinity":4,"f:18:23:18:24":2,"s:19:6:19:Infinity":5,"f:30:16:30:24":3,"b:30:40:30:43":2,"s:31:17:31:18":6,"s:33:2:40:Infinity":7,"f:33:9:33:17":4,"s:34:16:34:26":8,"b:36:4:39:Infinity:undefined:undefined:undefined:undefined":3,"s:36:4:39:Infinity":9,"s:37:6:37:Infinity":10,"s:38:6:38:Infinity":11}}}
,"D:\\code\\sentences-dictation\\src\\utils\\errors.js": {"path":"D:\\code\\sentences-dictation\\src\\utils\\errors.js","statementMap":{"0":{"start":{"line":5,"column":27},"end":{"line":17,"column":1}},"1":{"start":{"line":29,"column":4},"end":{"line":29,"column":null}},"2":{"start":{"line":30,"column":4},"end":{"line":30,"column":null}},"3":{"start":{"line":31,"column":4},"end":{"line":31,"column":null}},"4":{"start":{"line":32,"column":4},"end":{"line":32,"column":null}},"5":{"start":{"line":33,"column":4},"end":{"line":33,"column":null}},"6":{"start":{"line":37,"column":4},"end":{"line":43,"column":null}},"7":{"start":{"line":53,"column":2},"end":{"line":57,"column":null}},"8":{"start":{"line":67,"column":2},"end":{"line":71,"column":null}},"9":{"start":{"line":81,"column":2},"end":{"line":85,"column":null}},"10":{"start":{"line":94,"column":2},"end":{"line":98,"column":null}},"11":{"start":{"line":108,"column":2},"end":{"line":112,"column":null}},"12":{"start":{"line":122,"column":2},"end":{"line":126,"column":null}}},"fnMap":{"0":{"name":"(anonymous_0)","decl":{"start":{"line":28,"column":2},"end":{"line":28,"column":13}},"loc":{"start":{"line":28,"column":43},"end":{"line":34,"column":null}},"line":28},"1":{"name":"(anonymous_1)","decl":{"start":{"line":36,"column":2},"end":{"line":36,"column":8}},"loc":{"start":{"line":36,"column":11},"end":{"line":44,"column":null}},"line":36},"2":{"name":"createTimeoutError","decl":{"start":{"line":52,"column":16},"end":{"line":52,"column":34}},"loc":{"start":{"line":52,"column":48},"end":{"line":58,"column":null}},"line":52},"3":{"name":"createApiError","decl":{"start":{"line":66,"column":16},"end":{"line":66,"column":30}},"loc":{"start":{"line":66,"column":55},"end":{"line":72,"column":null}},"line":66},"4":{"name":"createValidationError","decl":{"start":{"line":80,"column":16},"end":{"line":80,"column":37}},"loc":{"start":{"line":80,"column":57},"end":{"line":86,"column":null}},"line":80},"5":{"name":"createSpeechError","decl":{"start":{"line":93,"column":16},"end":{"line":93,"column":33}},"loc":{"start":{"line":93,"column":42},"end":{"line":99,"column":null}},"line":93},"6":{"name":"createParseError","decl":{"start":{"line":107,"column":16},"end":{"line":107,"column":32}},"loc":{"start":{"line":107,"column":61},"end":{"line":113,"column":null}},"line":107},"7":{"name":"createImportError","decl":{"start":{"line":121,"column":16},"end":{"line":121,"column":33}},"loc":{"start":{"line":121,"column":57},"end":{"line":127,"column":null}},"line":121}},"branchMap":{"0":{"loc":{"start":{"line":28,"column":29},"end":{"line":28,"column":41}},"type":"default-arg","locations":[{"start":{"line":28,"column":39},"end":{"line":28,"column":41}}],"line":28}},"s":{"0":1,"1":8,"2":8,"3":8,"4":8,"5":8,"6":1,"7":1,"8":1,"9":1,"10":1,"11":1,"12":1},"f":{"0":8,"1":1,"2":1,"3":1,"4":1,"5":1,"6":1,"7":1},"b":{"0":[8]},"meta":{"lastBranch":1,"lastFunction":8,"lastStatement":13,"seen":{"s:5:27:17:1":0,"f:28:2:28:13":0,"b:28:39:28:41":0,"s:29:4:29:Infinity":1,"s:30:4:30:Infinity":2,"s:31:4:31:Infinity":3,"s:32:4:32:Infinity":4,"s:33:4:33:Infinity":5,"f:36:2:36:8":1,"s:37:4:43:Infinity":6,"f:52:16:52:34":2,"s:53:2:57:Infinity":7,"f:66:16:66:30":3,"s:67:2:71:Infinity":8,"f:80:16:80:37":4,"s:81:2:85:Infinity":9,"f:93:16:93:33":5,"s:94:2:98:Infinity":10,"f:107:16:107:32":6,"s:108:2:112:Infinity":11,"f:121:16:121:33":7,"s:122:2:126:Infinity":12}}}
,"D:\\code\\sentences-dictation\\src\\utils\\sentenceId.js": {"path":"D:\\code\\sentences-dictation\\src\\utils\\sentenceId.js","statementMap":{"0":{"start":{"line":25,"column":27},"end":{"line":25,"column":54}},"1":{"start":{"line":29,"column":2},"end":{"line":47,"column":3}},"2":{"start":{"line":30,"column":4},"end":{"line":30,"column":65}},"3":{"start":{"line":31,"column":9},"end":{"line":47,"column":3}},"4":{"start":{"line":33,"column":4},"end":{"line":44,"column":5}},"5":{"start":{"line":34,"column":6},"end":{"line":34,"column":36}},"6":{"start":{"line":35,"column":11},"end":{"line":44,"column":5}},"7":{"start":{"line":37,"column":20},"end":{"line":37,"column":39}},"8":{"start":{"line":38,"column":18},"end":{"line":38,"column":60}},"9":{"start":{"line":39,"column":6},"end":{"line":39,"column":62}},"10":{"start":{"line":42,"column":18},"end":{"line":42,"column":64}},"11":{"start":{"line":43,"column":6},"end":{"line":43,"column":62}},"12":{"start":{"line":46,"column":4},"end":{"line":46,"column":32}},"13":{"start":{"line":50,"column":26},"end":{"line":50,"column":64}},"14":{"start":{"line":52,"column":2},"end":{"line":52,"column":72}},"15":{"start":{"line":61,"column":2},"end":{"line":63,"column":3}},"16":{"start":{"line":62,"column":4},"end":{"line":62,"column":16}},"17":{"start":{"line":65,"column":16},"end":{"line":65,"column":37}},"18":{"start":{"line":66,"column":2},"end":{"line":68,"column":3}},"19":{"start":{"line":67,"column":4},"end":{"line":67,"column":16}},"20":{"start":{"line":70,"column":17},"end":{"line":70,"column":25}},"21":{"start":{"line":73,"column":2},"end":{"line":79,"column":3}},"22":{"start":{"line":74,"column":4},"end":{"line":78,"column":6}},"23":{"start":{"line":81,"column":2},"end":{"line":81,"column":14}},"24":{"start":{"line":90,"column":2},"end":{"line":92,"column":3}},"25":{"start":{"line":91,"column":4},"end":{"line":91,"column":17}},"26":{"start":{"line":95,"column":2},"end":{"line":97,"column":3}},"27":{"start":{"line":96,"column":4},"end":{"line":96,"column":16}},"28":{"start":{"line":99,"column":2},"end":{"line":99,"column":15}},"29":{"start":{"line":108,"column":17},"end":{"line":108,"column":44}},"30":{"start":{"line":109,"column":2},"end":{"line":109,"column":39}},"31":{"start":{"line":118,"column":2},"end":{"line":118,"column":30}},"32":{"start":{"line":129,"column":19},"end":{"line":129,"column":47}},"33":{"start":{"line":130,"column":2},"end":{"line":130,"column":69}}},"fnMap":{"0":{"name":"generateSentenceId","decl":{"start":{"line":23,"column":16},"end":{"line":23,"column":34}},"loc":{"start":{"line":23,"column":68},"end":{"line":53,"column":1}},"line":23},"1":{"name":"parseSentenceId","decl":{"start":{"line":60,"column":16},"end":{"line":60,"column":31}},"loc":{"start":{"line":60,"column":44},"end":{"line":82,"column":1}},"line":60},"2":{"name":"isValidSentenceId","decl":{"start":{"line":89,"column":16},"end":{"line":89,"column":33}},"loc":{"start":{"line":89,"column":46},"end":{"line":100,"column":1}},"line":89},"3":{"name":"getSourceFromId","decl":{"start":{"line":107,"column":16},"end":{"line":107,"column":31}},"loc":{"start":{"line":107,"column":44},"end":{"line":110,"column":1}},"line":107},"4":{"name":"getAudioFileName","decl":{"start":{"line":117,"column":16},"end":{"line":117,"column":32}},"loc":{"start":{"line":117,"column":45},"end":{"line":119,"column":1}},"line":117},"5":{"name":"getAudioUrl","decl":{"start":{"line":128,"column":16},"end":{"line":128,"column":27}},"loc":{"start":{"line":128,"column":77},"end":{"line":131,"column":1}},"line":128}},"branchMap":{"0":{"loc":{"start":{"line":29,"column":2},"end":{"line":47,"column":3}},"type":"if","locations":[{"start":{"line":29,"column":2},"end":{"line":47,"column":3}},{"start":{"line":31,"column":9},"end":{"line":47,"column":3}}],"line":29},"1":{"loc":{"start":{"line":31,"column":9},"end":{"line":47,"column":3}},"type":"if","locations":[{"start":{"line":31,"column":9},"end":{"line":47,"column":3}},{"start":{"line":45,"column":9},"end":{"line":47,"column":3}}],"line":31},"2":{"loc":{"start":{"line":33,"column":4},"end":{"line":44,"column":5}},"type":"if","locations":[{"start":{"line":33,"column":4},"end":{"line":44,"column":5}},{"start":{"line":35,"column":11},"end":{"line":44,"column":5}}],"line":33},"3":{"loc":{"start":{"line":35,"column":11},"end":{"line":44,"column":5}},"type":"if","locations":[{"start":{"line":35,"column":11},"end":{"line":44,"column":5}},{"start":{"line":40,"column":11},"end":{"line":44,"column":5}}],"line":35},"4":{"loc":{"start":{"line":38,"column":18},"end":{"line":38,"column":60}},"type":"binary-expr","locations":[{"start":{"line":38,"column":18},"end":{"line":38,"column":55}},{"start":{"line":38,"column":59},"end":{"line":38,"column":60}}],"line":38},"5":{"loc":{"start":{"line":42,"column":18},"end":{"line":42,"column":64}},"type":"binary-expr","locations":[{"start":{"line":42,"column":18},"end":{"line":42,"column":59}},{"start":{"line":42,"column":63},"end":{"line":42,"column":64}}],"line":42},"6":{"loc":{"start":{"line":61,"column":2},"end":{"line":63,"column":3}},"type":"if","locations":[{"start":{"line":61,"column":2},"end":{"line":63,"column":3}},{"start":{},"end":{}}],"line":61},"7":{"loc":{"start":{"line":61,"column":6},"end":{"line":61,"column":51}},"type":"binary-expr","locations":[{"start":{"line":61,"column":6},"end":{"line":61,"column":17}},{"start":{"line":61,"column":21},"end":{"line":61,"column":51}}],"line":61},"8":{"loc":{"start":{"line":66,"column":2},"end":{"line":68,"column":3}},"type":"if","locations":[{"start":{"line":66,"column":2},"end":{"line":68,"column":3}},{"start":{},"end":{}}],"line":66},"9":{"loc":{"start":{"line":73,"column":2},"end":{"line":79,"column":3}},"type":"if","locations":[{"start":{"line":73,"column":2},"end":{"line":79,"column":3}},{"start":{},"end":{}}],"line":73},"10":{"loc":{"start":{"line":90,"column":2},"end":{"line":92,"column":3}},"type":"if","locations":[{"start":{"line":90,"column":2},"end":{"line":92,"column":3}},{"start":{},"end":{}}],"line":90},"11":{"loc":{"start":{"line":90,"column":6},"end":{"line":90,"column":51}},"type":"binary-expr","locations":[{"start":{"line":90,"column":6},"end":{"line":90,"column":17}},{"start":{"line":90,"column":21},"end":{"line":90,"column":51}}],"line":90},"12":{"loc":{"start":{"line":95,"column":2},"end":{"line":97,"column":3}},"type":"if","locations":[{"start":{"line":95,"column":2},"end":{"line":97,"column":3}},{"start":{},"end":{}}],"line":95},"13":{"loc":{"start":{"line":109,"column":9},"end":{"line":109,"column":38}},"type":"cond-expr","locations":[{"start":{"line":109,"column":18},"end":{"line":109,"column":31}},{"start":{"line":109,"column":34},"end":{"line":109,"column":38}}],"line":109},"14":{"loc":{"start":{"line":128,"column":49},"end":{"line":128,"column":75}},"type":"default-arg","locations":[{"start":{"line":128,"column":58},"end":{"line":128,"column":75}}],"line":128}},"s":{"0":20,"1":20,"2":2,"3":18,"4":17,"5":3,"6":14,"7":13,"8":13,"9":13,"10":1,"11":1,"12":1,"13":20,"14":20,"15":9,"16":4,"17":5,"18":5,"19":2,"20":3,"21":3,"22":3,"23":0,"24":8,"25":2,"26":6,"27":1,"28":5,"29":2,"30":2,"31":3,"32":2,"33":2},"f":{"0":20,"1":9,"2":8,"3":2,"4":3,"5":2},"b":{"0":[2,18],"1":[17,1],"2":[3,14],"3":[13,1],"4":[13,0],"5":[1,0],"6":[4,5],"7":[9,6],"8":[2,3],"9":[3,0],"10":[2,6],"11":[8,7],"12":[1,5],"13":[1,1],"14":[2]},"meta":{"lastBranch":15,"lastFunction":6,"lastStatement":34,"seen":{"f:23:16:23:34":0,"s:25:27:25:54":0,"b:29:2:47:3:31:9:47:3":0,"s:29:2:47:3":1,"s:30:4:30:65":2,"b:31:9:47:3:45:9:47:3":1,"s:31:9:47:3":3,"b:33:4:44:5:35:11:44:5":2,"s:33:4:44:5":4,"s:34:6:34:36":5,"b:35:11:44:5:40:11:44:5":3,"s:35:11:44:5":6,"s:37:20:37:39":7,"s:38:18:38:60":8,"b:38:18:38:55:38:59:38:60":4,"s:39:6:39:62":9,"s:42:18:42:64":10,"b:42:18:42:59:42:63:42:64":5,"s:43:6:43:62":11,"s:46:4:46:32":12,"s:50:26:50:64":13,"s:52:2:52:72":14,"f:60:16:60:31":1,"b:61:2:63:3:undefined:undefined:undefined:undefined":6,"s:61:2:63:3":15,"b:61:6:61:17:61:21:61:51":7,"s:62:4:62:16":16,"s:65:16:65:37":17,"b:66:2:68:3:undefined:undefined:undefined:undefined":8,"s:66:2:68:3":18,"s:67:4:67:16":19,"s:70:17:70:25":20,"b:73:2:79:3:undefined:undefined:undefined:undefined":9,"s:73:2:79:3":21,"s:74:4:78:6":22,"s:81:2:81:14":23,"f:89:16:89:33":2,"b:90:2:92:3:undefined:undefined:undefined:undefined":10,"s:90:2:92:3":24,"b:90:6:90:17:90:21:90:51":11,"s:91:4:91:17":25,"b:95:2:97:3:undefined:undefined:undefined:undefined":12,"s:95:2:97:3":26,"s:96:4:96:16":27,"s:99:2:99:15":28,"f:107:16:107:31":3,"s:108:17:108:44":29,"s:109:2:109:39":30,"b:109:18:109:31:109:34:109:38":13,"f:117:16:117:32":4,"s:118:2:118:30":31,"f:128:16:128:27":5,"b:128:58:128:75":14,"s:129:19:129:47":32,"s:130:2:130:69":33}}}
}
